#
# A fatal error has been detected by the Java Runtime Environment:
#
#  SIGSEGV (0xb) at pc=0x000000012e77ae43, pid=74521, tid=54023
#
# JRE version: Java(TM) SE Runtime Environment (8.0_66-b17) (build 1.8.0_66-b17)
# Java VM: Java HotSpot(TM) 64-Bit Server VM (25.66-b17 mixed mode bsd-amd64 compressed oops)
# Problematic frame:
# C  [libawt_lwawt.dylib+0x1ae43]  OGLSD_SetScratchSurface+0x49
#
# Failed to write core dump. Core dumps have been disabled. To enable core dumping, try "ulimit -c unlimited" before starting Java again
#
# If you would like to submit a bug report, please visit:
#   http://bugreport.java.com/bugreport/crash.jsp
# The crash happened outside the Java Virtual Machine in native code.
# See problematic frame for where to report the bug.
#

---------------  T H R E A D  ---------------

Current thread (0x00007f8cd49ec000):  JavaThread "Java2D Queue Flusher" daemon [_thread_in_native, id=54023, stack(0x00007000019f1000,0x0000700001af1000)]

siginfo: si_signo: 11 (SIGSEGV), si_code: 1 (SEGV_MAPERR), si_addr: 0x0000000000000002

Registers:
RAX=0x00000000ffffffff, RBX=0x0000000000000002, RCX=0x0000000000000047, RDX=0x000000012e79b8ec
RSP=0x0000700001af07a0, RBP=0x0000700001af07c0, RSI=0x00007f8cd2e47980, RDI=0x00007f8cd49ec1f8
R8 =0x0000000000000157, R9 =0x00007f8cd2d42e40, R10=0x000000011207c838, R11=0x00000000d800aef5
R12=0x0000000000000000, R13=0x00000006c0057498, R14=0x00007f8cd49ec1f8, R15=0x00007f8cd49ec000
RIP=0x000000012e77ae43, EFLAGS=0x0000000000010202, ERR=0x0000000000000004
  TRAPNO=0x000000000000000e

Top of Stack: (sp=0x0000700001af07a0)
0x0000700001af07a0:   00007f8cd2e47980 0000000000000000
0x0000700001af07b0:   00007f8cd49cc010 00007f8cd49ec000
0x0000700001af07c0:   0000700001af0840 000000012e79b3ca
0x0000700001af07d0:   0000000000000004 0000000000000030
0x0000700001af07e0:   0000700001af0800 00007fff95bb10dc
0x0000700001af07f0:   0000700001af0810 0000000000000064
0x0000700001af0800:   00007f8cd5912008 00007f8cd49cc020
0x0000700001af0810:   00007f8c009ec000 00007f8cd49ec1f8
0x0000700001af0820:   0000000186bb3f28 0000000000000000
0x0000700001af0830:   0000700001af0960 00007f8cd49ec000
0x0000700001af0840:   0000700001af0890 000000011207c8aa
0x0000700001af0850:   00000006c00577a8 000000011114bc08
0x0000700001af0860:   0000000000000005 00007f8cd49ec000
0x0000700001af0870:   00000006c0057401 00007f8cd2d43580
0x0000700001af0880:   0000700001af0800 00007f8cd49ec000
0x0000700001af0890:   00000006c0057498 0000000112231f7c
0x0000700001af08a0:   0000700001af0960 00007f8cd49ec000
0x0000700001af08b0:   0000700001af0900 00000001121fc3e8
0x0000700001af08c0:   00000006c0057498 000000010f98a000
0x0000700001af08d0:   00007f8cd2f00000 0000000000000001
0x0000700001af08e0:   0000000000000000 00000006c0057498
0x0000700001af08f0:   00000006c00577a8 00007f8cd49ec000
0x0000700001af0900:   00000006c0057498 0000000112404f08
0x0000700001af0910:   0000000100000000 00000006c0057498
0x0000700001af0920:   0000000000000000 0000000000000000
0x0000700001af0930:   0000700001af0960 0000700001af09d0
0x0000700001af0940:   0000000000000001 0000000000000000
0x0000700001af0950:   0000700001af09d0 0000000111d867a7
0x0000700001af0960:   00000006c0057498 00000006c09475b8
0x0000700001af0970:   0000700000001fa0 000000000000000a
0x0000700001af0980:   00007f8cd49ec000 0000000000000001
0x0000700001af0990:   0000000111d8671f 000000012ab37fd8 

Instructions: (pc=0x000000012e77ae43)
0x000000012e77ae23:   c0 e9 82 00 00 00 48 8b 5e 10 48 85 db 75 0e bf
0x000000012e77ae33:   01 00 00 00 48 8d 15 fd 75 03 00 eb d6 49 89 fe
0x000000012e77ae43:   4c 8b 3b 30 c0 e8 c5 a2 02 00 49 8b 3f 49 89 c4
0x000000012e77ae53:   48 8b 35 a6 f7 05 00 30 c0 e8 cb a3 02 00 48 85 

Register to memory mapping:

RAX=0x00000000ffffffff is an unknown value
RBX=0x0000000000000002 is an unknown value
RCX=0x0000000000000047 is an unknown value
RDX=0x000000012e79b8ec: Java_sun_java2d_opengl_OGLRenderQueue_flushBuffer+0xb5c in /Library/Internet Plug-Ins/JavaAppletPlugin.plugin/Contents/Home/lib/libawt_lwawt.dylib at 0x000000012e760000
RSP=0x0000700001af07a0 is pointing into the stack for thread: 0x00007f8cd49ec000
RBP=0x0000700001af07c0 is pointing into the stack for thread: 0x00007f8cd49ec000
RSI=0x00007f8cd2e47980 is an unknown value
RDI=0x00007f8cd49ec1f8 is an unknown value
R8 =0x0000000000000157 is an unknown value
R9 =0x00007f8cd2d42e40 is an unknown value
R10=0x000000011207c838 is at entry_point+56 in (nmethod*)0x000000011207c690
R11=0x00000000d800aef5 is an unknown value
R12=0x0000000000000000 is an unknown value
R13=0x00000006c0057498 is an oop
sun.java2d.opengl.OGLRenderQueue$QueueFlusher 
 - klass: 'sun/java2d/opengl/OGLRenderQueue$QueueFlusher'
R14=0x00007f8cd49ec1f8 is an unknown value
R15=0x00007f8cd49ec000 is a thread


Stack: [0x00007000019f1000,0x0000700001af1000],  sp=0x0000700001af07a0,  free space=1021k
Native frames: (J=compiled Java code, j=interpreted, Vv=VM code, C=native code)
C  [libawt_lwawt.dylib+0x1ae43]  OGLSD_SetScratchSurface+0x49
C  [libawt_lwawt.dylib+0x3b3ca]  Java_sun_java2d_opengl_OGLRenderQueue_flushBuffer+0x63a
J 4778  sun.java2d.opengl.OGLRenderQueue.flushBuffer(JI)V (0 bytes) @ 0x000000011207c8aa [0x000000011207c800+0xaa]
J 4726 C1 sun.java2d.opengl.OGLRenderQueue.flushBuffer()V (41 bytes) @ 0x0000000112231f7c [0x0000000112231d20+0x25c]
J 4146% C2 sun.java2d.opengl.OGLRenderQueue$QueueFlusher.run()V (234 bytes) @ 0x0000000112404f08 [0x0000000112404c20+0x2e8]
v  ~StubRoutines::call_stub
V  [libjvm.dylib+0x2ea35e]  JavaCalls::call_helper(JavaValue*, methodHandle*, JavaCallArguments*, Thread*)+0x6ae
V  [libjvm.dylib+0x2eaaec]  JavaCalls::call_virtual(JavaValue*, KlassHandle, Symbol*, Symbol*, JavaCallArguments*, Thread*)+0x164
V  [libjvm.dylib+0x2eac98]  JavaCalls::call_virtual(JavaValue*, Handle, KlassHandle, Symbol*, Symbol*, Thread*)+0x4a
V  [libjvm.dylib+0x345215]  thread_entry(JavaThread*, Thread*)+0x7c
V  [libjvm.dylib+0x560b83]  JavaThread::thread_main_inner()+0x9b
V  [libjvm.dylib+0x56227e]  JavaThread::run()+0x1c2
V  [libjvm.dylib+0x482cd6]  java_start(Thread*)+0xf6
C  [libsystem_pthread.dylib+0x3c13]  _pthread_body+0x83
C  [libsystem_pthread.dylib+0x3b90]  _pthread_body+0x0
C  [libsystem_pthread.dylib+0x1375]  thread_start+0xd
C  0x0000000000000000

Java frames: (J=compiled Java code, j=interpreted, Vv=VM code)
J 4778  sun.java2d.opengl.OGLRenderQueue.flushBuffer(JI)V (0 bytes) @ 0x000000011207c838 [0x000000011207c800+0x38]
J 4726 C1 sun.java2d.opengl.OGLRenderQueue.flushBuffer()V (41 bytes) @ 0x0000000112231f7c [0x0000000112231d20+0x25c]
J 4146% C2 sun.java2d.opengl.OGLRenderQueue$QueueFlusher.run()V (234 bytes) @ 0x0000000112404f08 [0x0000000112404c20+0x2e8]
v  ~StubRoutines::call_stub

---------------  P R O C E S S  ---------------

Java Threads: ( => current thread )
  0x00007f8cd5ac8000 JavaThread "Keep-Alive-Timer" daemon [_thread_blocked, id=58119, stack(0x0000700001559000,0x0000700001659000)]
  0x00007f8cd5b45000 JavaThread "class org.jibble.pircbot.InputThread-Thread" [_thread_in_native, id=71779, stack(0x0000700001762000,0x0000700001862000)]
  0x00007f8cd5ad2800 JavaThread "class org.jibble.pircbot.OutputThread-Thread" [_thread_blocked, id=71959, stack(0x0000700002698000,0x0000700002798000)]
  0x00007f8cd4b8f000 JavaThread "Thread-5" [_thread_blocked, id=70915, stack(0x0000700002492000,0x0000700002592000)]
  0x00007f8cd4b45000 JavaThread "Thread-4" [_thread_blocked, id=70403, stack(0x000070000238f000,0x000070000248f000)]
  0x00007f8cd4b44800 JavaThread "Thread-3" [_thread_blocked, id=69891, stack(0x000070000228c000,0x000070000238c000)]
  0x00007f8cd3ad7800 JavaThread "Thread-2" [_thread_blocked, id=69379, stack(0x0000700002189000,0x0000700002289000)]
  0x00007f8cd3ad6800 JavaThread "Thread-1" [_thread_in_native, id=68867, stack(0x0000700002086000,0x0000700002186000)]
  0x00007f8cd3ad6000 JavaThread "Thread-0" [_thread_blocked, id=68363, stack(0x0000700001f83000,0x0000700002083000)]
  0x00007f8cd327f800 JavaThread "TimerQueue" daemon [_thread_blocked, id=65995, stack(0x0000700001d7d000,0x0000700001e7d000)]
  0x00007f8cd49da000 JavaThread "DestroyJavaVM" [_thread_blocked, id=5891, stack(0x000070000011a000,0x000070000021a000)]
  0x00007f8cd592c800 JavaThread "AWT-EventQueue-0" [_thread_blocked, id=58639, stack(0x0000700001bf7000,0x0000700001cf7000)]
  0x00007f8cd49d4000 JavaThread "Java2D Disposer" daemon [_thread_blocked, id=57611, stack(0x0000700001af4000,0x0000700001bf4000)]
=>0x00007f8cd49ec000 JavaThread "Java2D Queue Flusher" daemon [_thread_in_native, id=54023, stack(0x00007000019f1000,0x0000700001af1000)]
  0x00007f8cd5904000 JavaThread "AWT-Shutdown" [_thread_blocked, id=32019, stack(0x000070000165f000,0x000070000175f000)]
  0x00007f8cd30fe000 JavaThread "AppKit Thread" daemon [_thread_in_native, id=1295, stack(0x00007fff4fa91000,0x00007fff50291000)]
  0x00007f8cd6000000 JavaThread "Service Thread" daemon [_thread_blocked, id=21251, stack(0x0000700001353000,0x0000700001453000)]
  0x00007f8cd4834000 JavaThread "C1 CompilerThread3" daemon [_thread_blocked, id=20739, stack(0x0000700001250000,0x0000700001350000)]
  0x00007f8cd482b000 JavaThread "C2 CompilerThread2" daemon [_thread_blocked, id=20227, stack(0x000070000114d000,0x000070000124d000)]
  0x00007f8cd482a800 JavaThread "C2 CompilerThread1" daemon [_thread_blocked, id=19715, stack(0x000070000104a000,0x000070000114a000)]
  0x00007f8cd4829000 JavaThread "C2 CompilerThread0" daemon [_thread_blocked, id=19203, stack(0x0000700000f47000,0x0000700001047000)]
  0x00007f8cd3039000 JavaThread "Signal Dispatcher" daemon [_thread_blocked, id=15887, stack(0x0000700000e44000,0x0000700000f44000)]
  0x00007f8cd300b000 JavaThread "Finalizer" daemon [_thread_blocked, id=14339, stack(0x0000700000c3b000,0x0000700000d3b000)]
  0x00007f8cd585b800 JavaThread "Reference Handler" daemon [_thread_blocked, id=13827, stack(0x0000700000b38000,0x0000700000c38000)]

Other Threads:
  0x00007f8cd5859000 VMThread [stack: 0x0000700000a35000,0x0000700000b35000] [id=13315]
  0x00007f8cd3813000 WatcherThread [stack: 0x0000700001456000,0x0000700001556000] [id=21763]

VM state:not at safepoint (normal execution)

VM Mutex/Monitor currently owned by a thread: None

Heap:
 PSYoungGen      total 28672K, used 284K [0x000000076ab00000, 0x000000076ca80000, 0x00000007c0000000)
  eden space 25088K, 1% used [0x000000076ab00000,0x000000076ab470b0,0x000000076c380000)
  from space 3584K, 0% used [0x000000076c380000,0x000000076c380000,0x000000076c700000)
  to   space 3584K, 0% used [0x000000076c700000,0x000000076c700000,0x000000076ca80000)
 ParOldGen       total 109568K, used 47416K [0x00000006c0000000, 0x00000006c6b00000, 0x000000076ab00000)
  object space 109568K, 43% used [0x00000006c0000000,0x00000006c2e4e140,0x00000006c6b00000)
 Metaspace       used 20502K, capacity 20860K, committed 21120K, reserved 1069056K
  class space    used 2259K, capacity 2372K, committed 2432K, reserved 1048576K

Card table byte_map: [0x0000000121146000,0x0000000121947000] byte_map_base: 0x000000011db46000

Marking Bits: (ParMarkBitMap*) 0x00000001116dde20
 Begin Bits: [0x0000000121e9d000, 0x0000000125e9d000)
 End Bits:   [0x0000000125e9d000, 0x0000000129e9d000)

Polling page: 0x000000010fc64000

CodeCache: size=245760Kb used=13755Kb max_used=14101Kb free=232004Kb
 bounds [0x0000000111d86000, 0x0000000112bb6000, 0x0000000120d86000]
 total_blobs=4548 nmethods=3951 adapters=508
 compilation: enabled

Compilation events (10 events):
Event: 261828.404 Thread 0x00007f8cd4834000 5280       3       sun.java2d.opengl.CGLGraphicsConfig::getNativeConfigInfo (5 bytes)
Event: 261828.404 Thread 0x00007f8cd4834000 nmethod 5280 0x00000001120f6810 code [0x00000001120f6960, 0x00000001120f6ab0]
Event: 261828.409 Thread 0x00007f8cd4834000 5281       3       java.awt.geom.AffineTransform::getTranslateX (5 bytes)
Event: 261828.410 Thread 0x00007f8cd4834000 nmethod 5281 0x00000001123d5ad0 code [0x00000001123d5c20, 0x00000001123d5d70]
Event: 261828.410 Thread 0x00007f8cd4834000 5282       3       java.awt.geom.AffineTransform::getTranslateY (5 bytes)
Event: 261828.410 Thread 0x00007f8cd4834000 nmethod 5282 0x00000001123d57d0 code [0x00000001123d5920, 0x00000001123d5a70]
Event: 275466.586 Thread 0x00007f8cd4834000 5283       1       org.jibble.pircbot.PircBot::getMessageDelay (5 bytes)
Event: 275466.586 Thread 0x00007f8cd4834000 nmethod 5283 0x0000000112223b10 code [0x0000000112223c60, 0x0000000112223d70]
Event: 275624.327 Thread 0x00007f8cd4834000 5284       3       sun.java2d.opengl.OGLContext::setScratchSurface (34 bytes)
Event: 275624.329 Thread 0x00007f8cd4834000 nmethod 5284 0x0000000112444c10 code [0x0000000112444f40, 0x0000000112446d88]

GC Heap History (10 events):
Event: 275104.723 GC heap before
{Heap before GC invocations=1487 (full 1):
 PSYoungGen      total 28672K, used 28152K [0x000000076ab00000, 0x000000076ca80000, 0x00000007c0000000)
  eden space 25088K, 100% used [0x000000076ab00000,0x000000076c380000,0x000000076c380000)
  from space 3584K, 85% used [0x000000076c380000,0x000000076c67e160,0x000000076c700000)
  to   space 3584K, 0% used [0x000000076c700000,0x000000076c700000,0x000000076ca80000)
 ParOldGen       total 185344K, used 184617K [0x00000006c0000000, 0x00000006cb500000, 0x000000076ab00000)
  object space 185344K, 99% used [0x00000006c0000000,0x00000006cb44a588,0x00000006cb500000)
 Metaspace       used 20506K, capacity 20866K, committed 21120K, reserved 1069056K
  class space    used 2260K, capacity 2373K, committed 2432K, reserved 1048576K
Event: 275104.727 GC heap after
Heap after GC invocations=1487 (full 1):
 PSYoungGen      total 28672K, used 2972K [0x000000076ab00000, 0x000000076ca80000, 0x00000007c0000000)
  eden space 25088K, 0% used [0x000000076ab00000,0x000000076ab00000,0x000000076c380000)
  from space 3584K, 82% used [0x000000076c700000,0x000000076c9e70e0,0x000000076ca80000)
  to   space 3584K, 0% used [0x000000076c380000,0x000000076c380000,0x000000076c700000)
 ParOldGen       total 185344K, used 184719K [0x00000006c0000000, 0x00000006cb500000, 0x000000076ab00000)
  object space 185344K, 99% used [0x00000006c0000000,0x00000006cb463fd0,0x00000006cb500000)
 Metaspace       used 20506K, capacity 20866K, committed 21120K, reserved 1069056K
  class space    used 2260K, capacity 2373K, committed 2432K, reserved 1048576K
}
Event: 275277.906 GC heap before
{Heap before GC invocations=1488 (full 1):
 PSYoungGen      total 28672K, used 28060K [0x000000076ab00000, 0x000000076ca80000, 0x00000007c0000000)
  eden space 25088K, 100% used [0x000000076ab00000,0x000000076c380000,0x000000076c380000)
  from space 3584K, 82% used [0x000000076c700000,0x000000076c9e70e0,0x000000076ca80000)
  to   space 3584K, 0% used [0x000000076c380000,0x000000076c380000,0x000000076c700000)
 ParOldGen       total 185344K, used 184719K [0x00000006c0000000, 0x00000006cb500000, 0x000000076ab00000)
  object space 185344K, 99% used [0x00000006c0000000,0x00000006cb463fd0,0x00000006cb500000)
 Metaspace       used 20506K, capacity 20866K, committed 21120K, reserved 1069056K
  class space    used 2260K, capacity 2373K, committed 2432K, reserved 1048576K
Event: 275277.911 GC heap after
Heap after GC invocations=1488 (full 1):
 PSYoungGen      total 28672K, used 3052K [0x000000076ab00000, 0x000000076ca80000, 0x00000007c0000000)
  eden space 25088K, 0% used [0x000000076ab00000,0x000000076ab00000,0x000000076c380000)
  from space 3584K, 85% used [0x000000076c380000,0x000000076c67b090,0x000000076c700000)
  to   space 3584K, 0% used [0x000000076c700000,0x000000076c700000,0x000000076ca80000)
 ParOldGen       total 185344K, used 184816K [0x00000006c0000000, 0x00000006cb500000, 0x000000076ab00000)
  object space 185344K, 99% used [0x00000006c0000000,0x00000006cb47c000,0x00000006cb500000)
 Metaspace       used 20506K, capacity 20866K, committed 21120K, reserved 1069056K
  class space    used 2260K, capacity 2373K, committed 2432K, reserved 1048576K
}
Event: 275446.222 GC heap before
{Heap before GC invocations=1489 (full 1):
 PSYoungGen      total 28672K, used 28140K [0x000000076ab00000, 0x000000076ca80000, 0x00000007c0000000)
  eden space 25088K, 100% used [0x000000076ab00000,0x000000076c380000,0x000000076c380000)
  from space 3584K, 85% used [0x000000076c380000,0x000000076c67b090,0x000000076c700000)
  to   space 3584K, 0% used [0x000000076c700000,0x000000076c700000,0x000000076ca80000)
 ParOldGen       total 185344K, used 184816K [0x00000006c0000000, 0x00000006cb500000, 0x000000076ab00000)
  object space 185344K, 99% used [0x00000006c0000000,0x00000006cb47c000,0x00000006cb500000)
 Metaspace       used 20506K, capacity 20866K, committed 21120K, reserved 1069056K
  class space    used 2260K, capacity 2373K, committed 2432K, reserved 1048576K
Event: 275446.226 GC heap after
Heap after GC invocations=1489 (full 1):
 PSYoungGen      total 28672K, used 3113K [0x000000076ab00000, 0x000000076ca80000, 0x00000007c0000000)
  eden space 25088K, 0% used [0x000000076ab00000,0x000000076ab00000,0x000000076c380000)
  from space 3584K, 86% used [0x000000076c700000,0x000000076ca0a7d0,0x000000076ca80000)
  to   space 3584K, 0% used [0x000000076c380000,0x000000076c380000,0x000000076c700000)
 ParOldGen       total 185344K, used 184945K [0x00000006c0000000, 0x00000006cb500000, 0x000000076ab00000)
  object space 185344K, 99% used [0x00000006c0000000,0x00000006cb49c490,0x00000006cb500000)
 Metaspace       used 20506K, capacity 20866K, committed 21120K, reserved 1069056K
  class space    used 2260K, capacity 2373K, committed 2432K, reserved 1048576K
}
Event: 275624.268 GC heap before
{Heap before GC invocations=1490 (full 1):
 PSYoungGen      total 28672K, used 28201K [0x000000076ab00000, 0x000000076ca80000, 0x00000007c0000000)
  eden space 25088K, 100% used [0x000000076ab00000,0x000000076c380000,0x000000076c380000)
  from space 3584K, 86% used [0x000000076c700000,0x000000076ca0a7d0,0x000000076ca80000)
  to   space 3584K, 0% used [0x000000076c380000,0x000000076c380000,0x000000076c700000)
 ParOldGen       total 185344K, used 184945K [0x00000006c0000000, 0x00000006cb500000, 0x000000076ab00000)
  object space 185344K, 99% used [0x00000006c0000000,0x00000006cb49c490,0x00000006cb500000)
 Metaspace       used 20506K, capacity 20866K, committed 21120K, reserved 1069056K
  class space    used 2260K, capacity 2373K, committed 2432K, reserved 1048576K
Event: 275624.272 GC heap after
Heap after GC invocations=1490 (full 1):
 PSYoungGen      total 28672K, used 3147K [0x000000076ab00000, 0x000000076ca80000, 0x00000007c0000000)
  eden space 25088K, 0% used [0x000000076ab00000,0x000000076ab00000,0x000000076c380000)
  from space 3584K, 87% used [0x000000076c380000,0x000000076c692e90,0x000000076c700000)
  to   space 3584K, 0% used [0x000000076c700000,0x000000076c700000,0x000000076ca80000)
 ParOldGen       total 185344K, used 185136K [0x00000006c0000000, 0x00000006cb500000, 0x000000076ab00000)
  object space 185344K, 99% used [0x00000006c0000000,0x00000006cb4cc368,0x00000006cb500000)
 Metaspace       used 20506K, capacity 20866K, committed 21120K, reserved 1069056K
  class space    used 2260K, capacity 2373K, committed 2432K, reserved 1048576K
}
Event: 275624.272 GC heap before
{Heap before GC invocations=1491 (full 2):
 PSYoungGen      total 28672K, used 3147K [0x000000076ab00000, 0x000000076ca80000, 0x00000007c0000000)
  eden space 25088K, 0% used [0x000000076ab00000,0x000000076ab00000,0x000000076c380000)
  from space 3584K, 87% used [0x000000076c380000,0x000000076c692e90,0x000000076c700000)
  to   space 3584K, 0% used [0x000000076c700000,0x000000076c700000,0x000000076ca80000)
 ParOldGen       total 185344K, used 185136K [0x00000006c0000000, 0x00000006cb500000, 0x000000076ab00000)
  object space 185344K, 99% used [0x00000006c0000000,0x00000006cb4cc368,0x00000006cb500000)
 Metaspace       used 20506K, capacity 20866K, committed 21120K, reserved 1069056K
  class space    used 2260K, capacity 2373K, committed 2432K, reserved 1048576K
Event: 275624.326 GC heap after
Heap after GC invocations=1491 (full 2):
 PSYoungGen      total 28672K, used 0K [0x000000076ab00000, 0x000000076ca80000, 0x00000007c0000000)
  eden space 25088K, 0% used [0x000000076ab00000,0x000000076ab00000,0x000000076c380000)
  from space 3584K, 0% used [0x000000076c380000,0x000000076c380000,0x000000076c700000)
  to   space 3584K, 0% used [0x000000076c700000,0x000000076c700000,0x000000076ca80000)
 ParOldGen       total 109568K, used 47416K [0x00000006c0000000, 0x00000006c6b00000, 0x000000076ab00000)
  object space 109568K, 43% used [0x00000006c0000000,0x00000006c2e4e140,0x00000006c6b00000)
 Metaspace       used 20502K, capacity 20860K, committed 21120K, reserved 1069056K
  class space    used 2259K, capacity 2372K, committed 2432K, reserved 1048576K
}

Deoptimization events (10 events):
Event: 221747.864 Thread 0x00007f8cd30fe000 Uncommon trap: reason=class_check action=maybe_recompile pc=0x000000011225403c method=java.util.Collections$SynchronizedCollection.iterator()Ljava/util/Iterator; @ 4
Event: 221747.871 Thread 0x00007f8cd592c800 Uncommon trap: reason=unstable_if action=reinterpret pc=0x00000001122fd6c0 method=java.util.HashMap$HashIterator.<init>(Ljava/util/HashMap;)V @ 45
Event: 234224.682 Thread 0x00007f8cd3ad6800 Uncommon trap: reason=null_check action=make_not_entrant pc=0x00000001122ff178 method=java.lang.Class.reflectionData()Ljava/lang/Class$ReflectionData; @ 24
Event: 241092.731 Thread 0x00007f8cd49ec000 Uncommon trap: reason=class_check action=maybe_recompile pc=0x000000011240516c method=sun.java2d.opengl.OGLRenderQueue$QueueFlusher.run()V @ 95
Event: 241092.778 Thread 0x00007f8cd592c800 Uncommon trap: reason=unstable_if action=reinterpret pc=0x000000011224b374 method=java.util.HashMap$HashIterator.<init>(Ljava/util/HashMap;)V @ 45
Event: 243106.283 Thread 0x00007f8cd300b000 Uncommon trap: reason=unstable_if action=reinterpret pc=0x0000000112326c7c method=java.lang.Thread.getContextClassLoader()Ljava/lang/ClassLoader; @ 4
Event: 246187.214 Thread 0x00007f8cd30fe000 Uncommon trap: reason=class_check action=maybe_recompile pc=0x00000001126bb75c method=java.util.HashMap.removeNode(ILjava/lang/Object;Ljava/lang/Object;ZZ)Ljava/util/HashMap$Node; @ 68
Event: 250343.790 Thread 0x00007f8cd49ec000 Uncommon trap: reason=class_check action=maybe_recompile pc=0x000000011240516c method=sun.java2d.opengl.OGLRenderQueue$QueueFlusher.run()V @ 95
Event: 261800.380 Thread 0x00007f8cd30fe000 Uncommon trap: reason=class_check action=maybe_recompile pc=0x00000001126bb75c method=java.util.HashMap.removeNode(ILjava/lang/Object;Ljava/lang/Object;ZZ)Ljava/util/HashMap$Node; @ 68
Event: 261828.373 Thread 0x00007f8cd49ec000 Uncommon trap: reason=class_check action=maybe_recompile pc=0x000000011240516c method=sun.java2d.opengl.OGLRenderQueue$QueueFlusher.run()V @ 95

Internal exceptions (10 events):
Event: 145420.403 Thread 0x00007f8cdb896000 Implicit null exception at 0x0000000112373444 to 0x0000000112373ba1
Event: 145420.788 Thread 0x00007f8cdb896000 Exception <a 'java/lang/NullPointerException'> (0x000000076b4de318) thrown at [/HUDSON3/workspace/8-2-build-macosx-x86_64/jdk8u66/4988/hotspot/src/share/vm/interpreter/linkResolver.cpp, line 1178]
Event: 145420.799 Thread 0x00007f8cdb896000 Implicit null exception at 0x0000000112226a4c to 0x0000000112226aa1
Event: 145421.053 Thread 0x00007f8cdb896000 Exception <a 'java/lang/NullPointerException'> (0x000000076b5b3828) thrown at [/HUDSON3/workspace/8-2-build-macosx-x86_64/jdk8u66/4988/hotspot/src/share/vm/interpreter/linkResolver.cpp, line 1178]
Event: 147202.613 Thread 0x00007f8cdb896000 Exception <a 'java/lang/NullPointerException'> (0x000000076b4ae258) thrown at [/HUDSON3/workspace/8-2-build-macosx-x86_64/jdk8u66/4988/hotspot/src/share/vm/interpreter/linkResolver.cpp, line 1178]
Event: 147202.871 Thread 0x00007f8cdb896000 Exception <a 'java/lang/NullPointerException'> (0x000000076b4fd6c8) thrown at [/HUDSON3/workspace/8-2-build-macosx-x86_64/jdk8u66/4988/hotspot/src/share/vm/interpreter/linkResolver.cpp, line 1178]
Event: 177507.135 Thread 0x00007f8cdb896000 Exception <a 'java/net/SocketTimeoutException': Read timed out> (0x000000076bc298d0) thrown at [/HUDSON3/workspace/8-2-build-macosx-x86_64/jdk8u66/4988/hotspot/src/share/vm/prims/jni.cpp, line 735]
Event: 177551.060 Thread 0x00007f8cdb896000 Exception <a 'java/net/SocketException'> (0x000000076bc2a000) thrown at [/HUDSON3/workspace/8-2-build-macosx-x86_64/jdk8u66/4988/hotspot/src/share/vm/prims/jni.cpp, line 709]
Event: 210713.265 Thread 0x00007f8cd3ad6800 Implicit null exception at 0x000000011262d66a to 0x000000011262e3c5
Event: 234224.682 Thread 0x00007f8cd3ad6800 Implicit null exception at 0x00000001122fead6 to 0x00000001122ff14d

Events (10 events):
Event: 275624.329 Executing VM operation: RevokeBias
Event: 275624.329 Executing VM operation: RevokeBias done
Event: 275624.329 Executing VM operation: RevokeBias
Event: 275624.329 Executing VM operation: RevokeBias done
Event: 275624.329 Executing VM operation: RevokeBias
Event: 275624.329 Executing VM operation: RevokeBias done
Event: 275624.329 Thread 0x00007f8cd5ac8000 Thread added: 0x00007f8cd5ac8000
Event: 275624.329 Thread 0x00007f8cd4834000 flushing nmethod 0x0000000112705890
Event: 275624.330 Thread 0x00007f8cd4834000 flushing nmethod 0x000000011277f550
Event: 275624.330 Thread 0x00007f8cd4834000 flushing nmethod 0x000000011278e150


Dynamic libraries:
0x000000000a640000 	/System/Library/Frameworks/Cocoa.framework/Versions/A/Cocoa
0x000000000a640000 	/System/Library/Frameworks/Security.framework/Versions/A/Security
0x000000000a640000 	/System/Library/Frameworks/ApplicationServices.framework/Versions/A/ApplicationServices
0x000000000a640000 	/usr/lib/libz.1.dylib
0x000000000a640000 	/usr/lib/libSystem.B.dylib
0x000000000a640000 	/usr/lib/libobjc.A.dylib
0x000000000a640000 	/System/Library/Frameworks/CoreFoundation.framework/Versions/A/CoreFoundation
0x000000000a640000 	/System/Library/Frameworks/Foundation.framework/Versions/C/Foundation
0x000000000a640000 	/System/Library/Frameworks/AppKit.framework/Versions/C/AppKit
0x000000000a640000 	/System/Library/Frameworks/CoreData.framework/Versions/A/CoreData
0x000000000a640000 	/System/Library/PrivateFrameworks/RemoteViewServices.framework/Versions/A/RemoteViewServices
0x000000000a640000 	/System/Library/PrivateFrameworks/UIFoundation.framework/Versions/A/UIFoundation
0x000000000a640000 	/usr/lib/libScreenReader.dylib
0x000000000a640000 	/System/Library/Frameworks/Accelerate.framework/Versions/A/Accelerate
0x000000000a640000 	/System/Library/Frameworks/IOSurface.framework/Versions/A/IOSurface
0x000000000a640000 	/System/Library/Frameworks/AudioToolbox.framework/Versions/A/AudioToolbox
0x000000000a640000 	/System/Library/Frameworks/AudioUnit.framework/Versions/A/AudioUnit
0x000000000a640000 	/System/Library/PrivateFrameworks/DataDetectorsCore.framework/Versions/A/DataDetectorsCore
0x000000000a640000 	/System/Library/PrivateFrameworks/DesktopServicesPriv.framework/Versions/A/DesktopServicesPriv
0x000000000a640000 	/System/Library/Frameworks/Carbon.framework/Versions/A/Frameworks/HIToolbox.framework/Versions/A/HIToolbox
0x000000000a640000 	/System/Library/Frameworks/QuartzCore.framework/Versions/A/QuartzCore
0x000000000a640000 	/System/Library/Frameworks/Carbon.framework/Versions/A/Frameworks/SpeechRecognition.framework/Versions/A/SpeechRecognition
0x000000000a640000 	/usr/lib/libauto.dylib
0x000000000a640000 	/usr/lib/libicucore.A.dylib
0x000000000a640000 	/usr/lib/libxml2.2.dylib
0x000000000a640000 	/System/Library/PrivateFrameworks/CoreUI.framework/Versions/A/CoreUI
0x000000000a640000 	/System/Library/Frameworks/CoreAudio.framework/Versions/A/CoreAudio
0x000000000a640000 	/System/Library/Frameworks/DiskArbitration.framework/Versions/A/DiskArbitration
0x000000000a640000 	/usr/lib/liblangid.dylib
0x000000000a640000 	/System/Library/PrivateFrameworks/MultitouchSupport.framework/Versions/A/MultitouchSupport
0x000000000a640000 	/System/Library/Frameworks/IOKit.framework/Versions/A/IOKit
0x000000000a640000 	/usr/lib/libDiagnosticMessagesClient.dylib
0x000000000a640000 	/System/Library/Frameworks/CoreServices.framework/Versions/A/CoreServices
0x000000000a640000 	/System/Library/PrivateFrameworks/PerformanceAnalysis.framework/Versions/A/PerformanceAnalysis
0x000000000a640000 	/System/Library/PrivateFrameworks/GenerationalStorage.framework/Versions/A/GenerationalStorage
0x000000000a640000 	/System/Library/Frameworks/OpenGL.framework/Versions/A/OpenGL
0x000000000a640000 	/System/Library/PrivateFrameworks/Sharing.framework/Versions/A/Sharing
0x000000000a640000 	/System/Library/Frameworks/CoreGraphics.framework/Versions/A/CoreGraphics
0x000000000a640000 	/System/Library/Frameworks/CoreImage.framework/Versions/A/CoreImage
0x000000000a640000 	/System/Library/Frameworks/CoreText.framework/Versions/A/CoreText
0x000000000a640000 	/System/Library/Frameworks/ImageIO.framework/Versions/A/ImageIO
0x000000000a640000 	/System/Library/PrivateFrameworks/Backup.framework/Versions/A/Backup
0x000000000a640000 	/usr/lib/libextension.dylib
0x000000000a640000 	/usr/lib/libarchive.2.dylib
0x000000000a640000 	/System/Library/Frameworks/CFNetwork.framework/Versions/A/CFNetwork
0x000000000a640000 	/System/Library/Frameworks/SystemConfiguration.framework/Versions/A/SystemConfiguration
0x000000000a640000 	/usr/lib/libCRFSuite.dylib
0x000000000a640000 	/usr/lib/libc++.1.dylib
0x000000000a640000 	/usr/lib/libc++abi.dylib
0x000000000a640000 	/usr/lib/system/libcache.dylib
0x000000000a640000 	/usr/lib/system/libcommonCrypto.dylib
0x000000000a640000 	/usr/lib/system/libcompiler_rt.dylib
0x000000000a640000 	/usr/lib/system/libcopyfile.dylib
0x000000000a640000 	/usr/lib/system/libcorecrypto.dylib
0x000000000a640000 	/usr/lib/system/libdispatch.dylib
0x000000000a640000 	/usr/lib/system/libdyld.dylib
0x000000000a640000 	/usr/lib/system/libkeymgr.dylib
0x000000000a640000 	/usr/lib/system/liblaunch.dylib
0x000000000a640000 	/usr/lib/system/libmacho.dylib
0x000000000a640000 	/usr/lib/system/libquarantine.dylib
0x000000000a640000 	/usr/lib/system/libremovefile.dylib
0x000000000a640000 	/usr/lib/system/libsystem_asl.dylib
0x000000000a640000 	/usr/lib/system/libsystem_blocks.dylib
0x000000000a640000 	/usr/lib/system/libsystem_c.dylib
0x000000000a640000 	/usr/lib/system/libsystem_configuration.dylib
0x000000000a640000 	/usr/lib/system/libsystem_coreservices.dylib
0x000000000a640000 	/usr/lib/system/libsystem_coretls.dylib
0x000000000a640000 	/usr/lib/system/libsystem_dnssd.dylib
0x000000000a640000 	/usr/lib/system/libsystem_info.dylib
0x000000000a640000 	/usr/lib/system/libsystem_kernel.dylib
0x000000000a640000 	/usr/lib/system/libsystem_m.dylib
0x000000000a640000 	/usr/lib/system/libsystem_malloc.dylib
0x000000000a640000 	/usr/lib/system/libsystem_network.dylib
0x000000000a640000 	/usr/lib/system/libsystem_networkextension.dylib
0x000000000a640000 	/usr/lib/system/libsystem_notify.dylib
0x000000000a640000 	/usr/lib/system/libsystem_platform.dylib
0x000000000a640000 	/usr/lib/system/libsystem_pthread.dylib
0x000000000a640000 	/usr/lib/system/libsystem_sandbox.dylib
0x000000000a640000 	/usr/lib/system/libsystem_secinit.dylib
0x000000000a640000 	/usr/lib/system/libsystem_trace.dylib
0x000000000a640000 	/usr/lib/system/libunc.dylib
0x000000000a640000 	/usr/lib/system/libunwind.dylib
0x000000000a640000 	/usr/lib/system/libxpc.dylib
0x000000000a640000 	/usr/lib/libenergytrace.dylib
0x000000000a640000 	/usr/lib/libbsm.0.dylib
0x000000000a640000 	/usr/lib/system/libkxld.dylib
0x000000000a640000 	/usr/lib/libxar.1.dylib
0x000000000a640000 	/usr/lib/libsqlite3.dylib
0x000000000a640000 	/usr/lib/libpam.2.dylib
0x000000000a640000 	/usr/lib/libOpenScriptingUtil.dylib
0x000000000a640000 	/usr/lib/libbz2.1.0.dylib
0x000000000a640000 	/usr/lib/liblzma.5.dylib
0x000000000a640000 	/System/Library/Frameworks/CoreServices.framework/Versions/A/Frameworks/FSEvents.framework/Versions/A/FSEvents
0x000000000a640000 	/System/Library/Frameworks/CoreServices.framework/Versions/A/Frameworks/CarbonCore.framework/Versions/A/CarbonCore
0x000000000a640000 	/System/Library/Frameworks/CoreServices.framework/Versions/A/Frameworks/Metadata.framework/Versions/A/Metadata
0x000000000a640000 	/System/Library/Frameworks/CoreServices.framework/Versions/A/Frameworks/OSServices.framework/Versions/A/OSServices
0x000000000a640000 	/System/Library/Frameworks/CoreServices.framework/Versions/A/Frameworks/SearchKit.framework/Versions/A/SearchKit
0x000000000a640000 	/System/Library/Frameworks/CoreServices.framework/Versions/A/Frameworks/AE.framework/Versions/A/AE
0x000000000a640000 	/System/Library/Frameworks/CoreServices.framework/Versions/A/Frameworks/LaunchServices.framework/Versions/A/LaunchServices
0x000000000a640000 	/System/Library/Frameworks/CoreServices.framework/Versions/A/Frameworks/DictionaryServices.framework/Versions/A/DictionaryServices
0x000000000a640000 	/System/Library/Frameworks/CoreServices.framework/Versions/A/Frameworks/SharedFileList.framework/Versions/A/SharedFileList
0x000000000a640000 	/System/Library/Frameworks/NetFS.framework/Versions/A/NetFS
0x000000000a640000 	/System/Library/PrivateFrameworks/NetAuth.framework/Versions/A/NetAuth
0x000000000a640000 	/System/Library/PrivateFrameworks/login.framework/Versions/A/Frameworks/loginsupport.framework/Versions/A/loginsupport
0x000000000a640000 	/System/Library/PrivateFrameworks/TCC.framework/Versions/A/TCC
0x000000000a640000 	/usr/lib/libmecabra.dylib
0x000000000a640000 	/System/Library/Frameworks/ApplicationServices.framework/Versions/A/Frameworks/ATS.framework/Versions/A/ATS
0x000000000a640000 	/System/Library/Frameworks/ApplicationServices.framework/Versions/A/Frameworks/ColorSync.framework/Versions/A/ColorSync
0x000000000a640000 	/System/Library/Frameworks/ApplicationServices.framework/Versions/A/Frameworks/HIServices.framework/Versions/A/HIServices
0x000000000a640000 	/System/Library/Frameworks/ApplicationServices.framework/Versions/A/Frameworks/LangAnalysis.framework/Versions/A/LangAnalysis
0x000000000a640000 	/System/Library/Frameworks/ApplicationServices.framework/Versions/A/Frameworks/PrintCore.framework/Versions/A/PrintCore
0x000000000a640000 	/System/Library/Frameworks/ApplicationServices.framework/Versions/A/Frameworks/QD.framework/Versions/A/QD
0x000000000a640000 	/System/Library/Frameworks/ApplicationServices.framework/Versions/A/Frameworks/SpeechSynthesis.framework/Versions/A/SpeechSynthesis
0x000000000a640000 	/System/Library/Frameworks/Metal.framework/Versions/A/Metal
0x000000000a640000 	/System/Library/Frameworks/Accelerate.framework/Versions/A/Frameworks/vImage.framework/Versions/A/vImage
0x000000000a640000 	/System/Library/Frameworks/Accelerate.framework/Versions/A/Frameworks/vecLib.framework/Versions/A/vecLib
0x000000000a640000 	/System/Library/Frameworks/Accelerate.framework/Versions/A/Frameworks/vecLib.framework/Versions/A/libvDSP.dylib
0x000000000a640000 	/System/Library/Frameworks/Accelerate.framework/Versions/A/Frameworks/vecLib.framework/Versions/A/libvMisc.dylib
0x000000000a640000 	/System/Library/Frameworks/Accelerate.framework/Versions/A/Frameworks/vecLib.framework/Versions/A/libLAPACK.dylib
0x000000000a640000 	/System/Library/Frameworks/Accelerate.framework/Versions/A/Frameworks/vecLib.framework/Versions/A/libBLAS.dylib
0x000000000a640000 	/System/Library/Frameworks/Accelerate.framework/Versions/A/Frameworks/vecLib.framework/Versions/A/libLinearAlgebra.dylib
0x000000000a640000 	/System/Library/Frameworks/Accelerate.framework/Versions/A/Frameworks/vecLib.framework/Versions/A/libSparseBLAS.dylib
0x000000000a640000 	/System/Library/PrivateFrameworks/GPUCompiler.framework/libmetal_timestamp.dylib
0x000000000a640000 	/System/Library/Frameworks/OpenGL.framework/Versions/A/Libraries/libCoreFSCache.dylib
0x000000000a640000 	/System/Library/PrivateFrameworks/IOAccelerator.framework/Versions/A/IOAccelerator
0x000000000a640000 	/System/Library/Frameworks/ApplicationServices.framework/Versions/A/Frameworks/ATS.framework/Versions/A/Resources/libFontParser.dylib
0x000000000a640000 	/System/Library/Frameworks/ApplicationServices.framework/Versions/A/Frameworks/ATS.framework/Versions/A/Resources/libFontRegistry.dylib
0x000000000a640000 	/System/Library/PrivateFrameworks/AppleVPA.framework/Versions/A/AppleVPA
0x000000000a640000 	/System/Library/PrivateFrameworks/AppleJPEG.framework/Versions/A/AppleJPEG
0x000000000a640000 	/System/Library/Frameworks/ImageIO.framework/Versions/A/Resources/libJPEG.dylib
0x000000000a640000 	/System/Library/Frameworks/ImageIO.framework/Versions/A/Resources/libTIFF.dylib
0x000000000a640000 	/System/Library/Frameworks/ImageIO.framework/Versions/A/Resources/libPng.dylib
0x000000000a640000 	/System/Library/Frameworks/ImageIO.framework/Versions/A/Resources/libGIF.dylib
0x000000000a640000 	/System/Library/Frameworks/ImageIO.framework/Versions/A/Resources/libJP2.dylib
0x000000000a640000 	/System/Library/Frameworks/ImageIO.framework/Versions/A/Resources/libRadiance.dylib
0x000000000a640000 	/System/Library/Frameworks/CoreVideo.framework/Versions/A/CoreVideo
0x000000000a640000 	/System/Library/Frameworks/OpenGL.framework/Versions/A/Libraries/libGLU.dylib
0x000000000a640000 	/System/Library/Frameworks/OpenGL.framework/Versions/A/Libraries/libGFXShared.dylib
0x000000000a640000 	/System/Library/Frameworks/OpenGL.framework/Versions/A/Libraries/libGL.dylib
0x000000000a640000 	/System/Library/Frameworks/OpenGL.framework/Versions/A/Libraries/libGLImage.dylib
0x000000000a640000 	/System/Library/Frameworks/OpenGL.framework/Versions/A/Libraries/libCVMSPluginSupport.dylib
0x000000000a640000 	/System/Library/Frameworks/OpenGL.framework/Versions/A/Libraries/libCoreVMClient.dylib
0x000000000a640000 	/usr/lib/libcups.2.dylib
0x000000000a640000 	/System/Library/Frameworks/Kerberos.framework/Versions/A/Kerberos
0x000000000a640000 	/System/Library/Frameworks/GSS.framework/Versions/A/GSS
0x000000000a640000 	/usr/lib/libresolv.9.dylib
0x000000000a640000 	/usr/lib/libiconv.2.dylib
0x000000000a640000 	/System/Library/PrivateFrameworks/Heimdal.framework/Versions/A/Heimdal
0x000000000a640000 	/usr/lib/libheimdal-asn1.dylib
0x000000000a640000 	/System/Library/Frameworks/OpenDirectory.framework/Versions/A/OpenDirectory
0x000000000a640000 	/System/Library/PrivateFrameworks/CommonAuth.framework/Versions/A/CommonAuth
0x000000000a640000 	/System/Library/Frameworks/OpenDirectory.framework/Versions/A/Frameworks/CFOpenDirectory.framework/Versions/A/CFOpenDirectory
0x000000000a640000 	/System/Library/Frameworks/SecurityFoundation.framework/Versions/A/SecurityFoundation
0x000000000a640000 	/System/Library/PrivateFrameworks/LanguageModeling.framework/Versions/A/LanguageModeling
0x000000000a640000 	/usr/lib/libmarisa.dylib
0x000000000a640000 	/usr/lib/libChineseTokenizer.dylib
0x000000000a640000 	/usr/lib/libcmph.dylib
0x000000000a640000 	/usr/lib/libcompression.dylib
0x000000000a640000 	/System/Library/Frameworks/ServiceManagement.framework/Versions/A/ServiceManagement
0x000000000a640000 	/usr/lib/libxslt.1.dylib
0x000000000a640000 	/System/Library/Frameworks/Carbon.framework/Versions/A/Frameworks/Ink.framework/Versions/A/Ink
0x000000000a640000 	/usr/lib/libFosl_dynamic.dylib
0x000000000a640000 	/System/Library/PrivateFrameworks/FaceCore.framework/Versions/A/FaceCore
0x000000000a640000 	/System/Library/Frameworks/OpenCL.framework/Versions/A/OpenCL
0x000000000a640000 	/System/Library/PrivateFrameworks/CrashReporterSupport.framework/Versions/A/CrashReporterSupport
0x000000000a640000 	/System/Library/PrivateFrameworks/IconServices.framework/Versions/A/IconServices
0x000000000a640000 	/System/Library/PrivateFrameworks/Apple80211.framework/Versions/A/Apple80211
0x000000000a640000 	/System/Library/Frameworks/CoreWLAN.framework/Versions/A/CoreWLAN
0x000000000a640000 	/System/Library/Frameworks/IOBluetooth.framework/Versions/A/IOBluetooth
0x000000000a640000 	/System/Library/PrivateFrameworks/CoreWiFi.framework/Versions/A/CoreWiFi
0x000000000a640000 	/System/Library/Frameworks/CoreBluetooth.framework/Versions/A/CoreBluetooth
0x000000000a640000 	/System/Library/PrivateFrameworks/ChunkingLibrary.framework/Versions/A/ChunkingLibrary
0x000000000a640000 	/System/Library/PrivateFrameworks/DebugSymbols.framework/Versions/A/DebugSymbols
0x000000000a640000 	/System/Library/PrivateFrameworks/CoreSymbolication.framework/Versions/A/CoreSymbolication
0x000000000a640000 	/System/Library/PrivateFrameworks/Symbolication.framework/Versions/A/Symbolication
0x000000000a640000 	/System/Library/PrivateFrameworks/SpeechRecognitionCore.framework/Versions/A/SpeechRecognitionCore
0x0000000110e00000 	/Library/Internet Plug-Ins/JavaAppletPlugin.plugin/Contents/Home/lib/server/libjvm.dylib
0x000000000a640000 	/usr/lib/libstdc++.6.dylib
0x000000010fc21000 	/Library/Internet Plug-Ins/JavaAppletPlugin.plugin/Contents/Home/lib/libverify.dylib
0x000000010fc2f000 	/Library/Internet Plug-Ins/JavaAppletPlugin.plugin/Contents/Home/lib/libjava.dylib
0x000000010fc6e000 	/Library/Internet Plug-Ins/JavaAppletPlugin.plugin/Contents/Home/lib/libzip.dylib
0x000000012cca1000 	/System/Library/Frameworks/JavaVM.framework/Frameworks/JavaRuntimeSupport.framework/JavaRuntimeSupport
0x000000010fde9000 	/System/Library/Frameworks/JavaVM.framework/Versions/A/Frameworks/JavaNativeFoundation.framework/Versions/A/JavaNativeFoundation
0x000000012ccbc000 	/System/Library/Frameworks/JavaVM.framework/Versions/A/JavaVM
0x000000000a640000 	/System/Library/Frameworks/Carbon.framework/Versions/A/Carbon
0x000000012ccc9000 	/System/Library/PrivateFrameworks/JavaLaunching.framework/Versions/A/JavaLaunching
0x000000000a640000 	/System/Library/Frameworks/Carbon.framework/Versions/A/Frameworks/CommonPanels.framework/Versions/A/CommonPanels
0x000000000a640000 	/System/Library/Frameworks/Carbon.framework/Versions/A/Frameworks/Help.framework/Versions/A/Help
0x000000000a640000 	/System/Library/Frameworks/Carbon.framework/Versions/A/Frameworks/ImageCapture.framework/Versions/A/ImageCapture
0x000000000a640000 	/System/Library/Frameworks/Carbon.framework/Versions/A/Frameworks/OpenScripting.framework/Versions/A/OpenScripting
0x000000000a640000 	/System/Library/Frameworks/Carbon.framework/Versions/A/Frameworks/Print.framework/Versions/A/Print
0x000000000a640000 	/System/Library/Frameworks/Carbon.framework/Versions/A/Frameworks/SecurityHI.framework/Versions/A/SecurityHI
0x000000012e5ec000 	/Library/Internet Plug-Ins/JavaAppletPlugin.plugin/Contents/Home/lib/libawt.dylib
0x000000012e694000 	/Library/Internet Plug-Ins/JavaAppletPlugin.plugin/Contents/Home/lib/./libmlib_image.dylib
0x000000012e760000 	/Library/Internet Plug-Ins/JavaAppletPlugin.plugin/Contents/Home/lib/libawt_lwawt.dylib
0x000000012e815000 	/Library/Internet Plug-Ins/JavaAppletPlugin.plugin/Contents/Home/lib/./libosxapp.dylib
0x000000000a640000 	/System/Library/Frameworks/ExceptionHandling.framework/Versions/A/ExceptionHandling
0x000000000a640000 	/System/Library/PrivateFrameworks/CoreServicesInternal.framework/Versions/A/CoreServicesInternal
0x000000000a640000 	/System/Library/Frameworks/CoreGraphics.framework/Versions/A/Resources/libRIP.A.dylib
0x000000000a640000 	/System/Library/Frameworks/Accelerate.framework/Versions/A/Frameworks/vImage.framework/Versions/A/Libraries/libCGInterfaces.dylib
0x000000000a640000 	/System/Library/Frameworks/CoreGraphics.framework/Versions/A/Resources/libCGXType.A.dylib
0x000000000a640000 	/System/Library/Frameworks/OpenCL.framework/Versions/A/Libraries/libcldcpuengine.dylib
0x000000000a640000 	/System/Library/PrivateFrameworks/DiskImages.framework/Versions/A/DiskImages
0x000000000a640000 	/System/Library/Frameworks/DiscRecording.framework/Versions/A/DiscRecording
0x000000000a640000 	/usr/lib/libcsfde.dylib
0x000000000a640000 	/usr/lib/libcurl.4.dylib
0x000000000a640000 	/System/Library/PrivateFrameworks/MediaKit.framework/Versions/A/MediaKit
0x000000000a640000 	/System/Library/PrivateFrameworks/ProtectedCloudStorage.framework/Versions/A/ProtectedCloudStorage
0x000000000a640000 	/usr/lib/libCoreStorage.dylib
0x000000000a640000 	/System/Library/PrivateFrameworks/EFILogin.framework/Versions/A/EFILogin
0x000000000a640000 	/usr/lib/libutil.dylib
0x000000000a640000 	/System/Library/PrivateFrameworks/FindMyDevice.framework/Versions/A/FindMyDevice
0x000000000a640000 	/System/Library/Frameworks/LDAP.framework/Versions/A/LDAP
0x000000000a640000 	/usr/lib/libsasl2.2.dylib
0x000000000a640000 	/System/Library/PrivateFrameworks/CoreDaemon.framework/Versions/B/CoreDaemon
0x000000000a640000 	/usr/lib/libcrypto.0.9.8.dylib
0x000000000a640000 	/System/Library/PrivateFrameworks/AppleSRP.framework/Versions/A/AppleSRP
0x000000000a640000 	/System/Library/PrivateFrameworks/TrustEvaluationAgent.framework/Versions/A/TrustEvaluationAgent
0x00000001300be000 	cl_kernels
0x000000000a640000 	/System/Library/Frameworks/OpenCL.framework/Versions/A/Libraries/ImageFormats/unorm8_bgra.dylib
0x000000000a640000 	/System/Library/Frameworks/OpenCL.framework/Versions/A/Libraries/ImageFormats/unorm8_rgba.dylib
0x000000000a640000 	/System/Library/PrivateFrameworks/FamilyControls.framework/Versions/A/FamilyControls
0x000000000a640000 	/System/Library/PrivateFrameworks/CommerceKit.framework/Versions/A/Frameworks/CommerceCore.framework/Versions/A/CommerceCore
0x000000000a640000 	/System/Library/PrivateFrameworks/SystemAdministration.framework/Versions/A/SystemAdministration
0x000000000a640000 	/System/Library/PrivateFrameworks/AppContainer.framework/Versions/A/AppContainer
0x000000000a640000 	/System/Library/PrivateFrameworks/SecCodeWrapper.framework/Versions/A/SecCodeWrapper
0x000000000a640000 	/System/Library/Frameworks/DirectoryService.framework/Versions/A/DirectoryService
0x000000000a640000 	/System/Library/PrivateFrameworks/LoginUIKit.framework/Versions/A/Frameworks/LoginUICore.framework/Versions/A/LoginUICore
0x000000000a640000 	/usr/lib/libodfde.dylib
0x000000000a640000 	/System/Library/Frameworks/OpenGL.framework/Versions/A/Resources/GLEngine.bundle/GLEngine
0x000000000a640000 	/System/Library/Frameworks/OpenGL.framework/Versions/A/Libraries/libGLProgrammability.dylib
0x0000000131106000 	/System/Library/Extensions/AppleIntelHD3000GraphicsGLDriver.bundle/Contents/MacOS/AppleIntelHD3000GraphicsGLDriver
0x000000000a640000 	/System/Library/PrivateFrameworks/GPUSupport.framework/Versions/A/Libraries/libGPUSupport.dylib
0x00000001315a5000 	/System/Library/Extensions/AMDRadeonX3000GLDriver.bundle/Contents/MacOS/AMDRadeonX3000GLDriver
0x000000000a640000 	/System/Library/PrivateFrameworks/GPUSupport.framework/Versions/A/Libraries/libGPUSupportMercury.dylib
0x0000000131683000 	/System/Library/Extensions/AMDRadeonX3000GLDriver.bundle/Contents/MacOS/ATIRadeonX3000SCLib.dylib
0x000000000a640000 	/System/Library/Frameworks/OpenGL.framework/Versions/A/Resources/GLRendererFloat.bundle/GLRendererFloat
0x000000013198f000 	/Library/Internet Plug-Ins/JavaAppletPlugin.plugin/Contents/Home/lib/libfontmanager.dylib
0x00000001319f6000 	/Library/Internet Plug-Ins/JavaAppletPlugin.plugin/Contents/Home/lib/libosxui.dylib
0x0000000133f74000 	/Library/Internet Plug-Ins/JavaAppletPlugin.plugin/Contents/Home/lib/libnet.dylib
0x0000000133cb9000 	/Library/Internet Plug-Ins/JavaAppletPlugin.plugin/Contents/Home/lib/libnio.dylib
0x000000000a640000 	/System/Library/Frameworks/ApplicationServices.framework/Versions/A/Frameworks/ATS.framework/Versions/A/Resources/libTrueTypeScaler.dylib
0x0000000186310000 	/Library/Internet Plug-Ins/JavaAppletPlugin.plugin/Contents/Home/lib/libsunec.dylib
0x0000000185a84000 	/Library/Internet Plug-Ins/JavaAppletPlugin.plugin/Contents/Home/lib/libdcpr.dylib

VM Arguments:
java_command: /Users/sebastianszemer/NetBeansProjects/jTwitchBot/dist/jTwitchBot.jar
java_class_path (initial): /Users/sebastianszemer/NetBeansProjects/jTwitchBot/dist/jTwitchBot.jar
Launcher Type: SUN_STANDARD

Environment Variables:
PATH=/usr/bin:/bin:/usr/sbin:/sbin
SHELL=/bin/bash

Signal Handlers:
SIGSEGV: [libjvm.dylib+0x5a65d5], sa_mask[0]=11111111011111110111111111111111, sa_flags=SA_ONSTACK|SA_RESTART|SA_SIGINFO
SIGBUS: [libjvm.dylib+0x5a65d5], sa_mask[0]=11111111011111110111111111111111, sa_flags=SA_RESTART|SA_SIGINFO
SIGFPE: [libjvm.dylib+0x4802e8], sa_mask[0]=11111111011111110111111111111111, sa_flags=SA_RESTART|SA_SIGINFO
SIGPIPE: [libjvm.dylib+0x4802e8], sa_mask[0]=11111111011111110111111111111111, sa_flags=SA_RESTART|SA_SIGINFO
SIGXFSZ: [libjvm.dylib+0x4802e8], sa_mask[0]=11111111011111110111111111111111, sa_flags=SA_RESTART|SA_SIGINFO
SIGILL: [libjvm.dylib+0x4802e8], sa_mask[0]=11111111011111110111111111111111, sa_flags=SA_RESTART|SA_SIGINFO
SIGUSR1: SIG_DFL, sa_mask[0]=00000000000000000000000000000000, sa_flags=none
SIGUSR2: [libjvm.dylib+0x47fe06], sa_mask[0]=00000000000000000000000000000000, sa_flags=SA_RESTART|SA_SIGINFO
SIGHUP: [libjvm.dylib+0x47e3dd], sa_mask[0]=11111111011111110111111111111111, sa_flags=SA_RESTART|SA_SIGINFO
SIGINT: [libjvm.dylib+0x47e3dd], sa_mask[0]=11111111011111110111111111111111, sa_flags=SA_RESTART|SA_SIGINFO
SIGTERM: [libjvm.dylib+0x47e3dd], sa_mask[0]=11111111011111110111111111111111, sa_flags=SA_RESTART|SA_SIGINFO
SIGQUIT: [libjvm.dylib+0x47e3dd], sa_mask[0]=11111111011111110111111111111111, sa_flags=SA_RESTART|SA_SIGINFO


---------------  S Y S T E M  ---------------

OS:Bsduname:Darwin 15.2.0 Darwin Kernel Version 15.2.0: Fri Nov 13 19:56:56 PST 2015; root:xnu-3248.20.55~2/RELEASE_X86_64 x86_64
rlimit: STACK 8192k, CORE 0k, NPROC 709, NOFILE 10240, AS infinity
load average:1.04 1.45 1.52

CPU:total 8 (4 cores per cpu, 2 threads per core) family 6 model 42 stepping 7, cmov, cx8, fxsr, mmx, sse, sse2, sse3, ssse3, sse4.1, sse4.2, popcnt, avx, aes, clmul, ht, tsc, tscinvbit

Memory: 4k page, physical 16777216k(1174932k free)

/proc/meminfo:


vm_info: Java HotSpot(TM) 64-Bit Server VM (25.66-b17) for bsd-amd64 JRE (1.8.0_66-b17), built on Oct  6 2015 16:09:13 by "java_re" with gcc 4.2.1 (Based on Apple Inc. build 5658) (LLVM build 2336.11.00)

time: Thu Dec 31 03:43:54 2015
elapsed time: 275624 seconds (3d 4h 33m 44s)

