#
# A fatal error has been detected by the Java Runtime Environment:
#
#  SIGSEGV (0xb) at pc=0x0000000126a82e43, pid=1079, tid=54023
#
# JRE version: Java(TM) SE Runtime Environment (8.0_66-b17) (build 1.8.0_66-b17)
# Java VM: Java HotSpot(TM) 64-Bit Server VM (25.66-b17 mixed mode bsd-amd64 compressed oops)
# Problematic frame:
# C  [libawt_lwawt.dylib+0x1ae43]  OGLSD_SetScratchSurface+0x49
#
# Failed to write core dump. Core dumps have been disabled. To enable core dumping, try "ulimit -c unlimited" before starting Java again
#
# If you would like to submit a bug report, please visit:
#   http://bugreport.java.com/bugreport/crash.jsp
# The crash happened outside the Java Virtual Machine in native code.
# See problematic frame for where to report the bug.
#

---------------  T H R E A D  ---------------

Current thread (0x00007fc1bb14d000):  JavaThread "Java2D Queue Flusher" daemon [_thread_in_native, id=54023, stack(0x00007000019f1000,0x0000700001af1000)]

siginfo: si_signo: 11 (SIGSEGV), si_code: 1 (SEGV_MAPERR), si_addr: 0x0000000000000002

Registers:
RAX=0x0000000126aa33a2, RBX=0x0000000000000002, RCX=0x0000000000000047, RDX=0x0000000126aa38ec
RSP=0x0000700001af0760, RBP=0x0000700001af0780, RSI=0x00007fc1b9e56e50, RDI=0x00007fc1bb14d1f8
R8 =0x00000000fffffffc, R9 =0x00007fc1b9e48840, R10=0x0000000109f9b928, R11=0x00000001094dbd77
R12=0x0000000000000000, R13=0x0000000122d331f8, R14=0x00007fc1bb14d1f8, R15=0x00007fc1bb14d000
RIP=0x0000000126a82e43, EFLAGS=0x0000000000010202, ERR=0x0000000000000004
  TRAPNO=0x000000000000000e

Top of Stack: (sp=0x0000700001af0760)
0x0000700001af0760:   00007fc1b9e56e50 0000000000000000
0x0000700001af0770:   00007fc1bb145010 00007fc1bb14d000
0x0000700001af0780:   0000700001af0800 0000000126aa33ca
0x0000700001af0790:   00007fc1bb14d000 000000000000da07
0x0000700001af07a0:   00007fc1b9e48800 0000000200000001
0x0000700001af07b0:   0000700001af08a8 00007fc1bb14d000
0x0000700001af07c0:   0000000000000000 00007fc1bb145020
0x0000700001af07d0:   000000000000001b 00007fc1bb14d1f8
0x0000700001af07e0:   0000000122d331f8 0000000000000000
0x0000700001af07f0:   0000700001af08a8 00007fc1bb14d000
0x0000700001af0800:   0000700001af0870 0000000109f9b954
0x0000700001af0810:   00007fc1bb14d000 00007fc1b9e47f98
0x0000700001af0820:   0000700001af0850 000000010952e670
0x0000700001af0830:   0000700001af0830 0000000000000000
0x0000700001af0840:   0000700001af08a8 0000000122d34290
0x0000700001af0850:   0000000000000000 0000000122d331f8
0x0000700001af0860:   0000000000000000 0000700001af0890
0x0000700001af0870:   0000700001af08f0 0000000109f8dc4d
0x0000700001af0880:   0000000000000000 0000000109f95578
0x0000700001af0890:   0000000000000020 00007fc1bb145000
0x0000700001af08a0:   00000006c00329c8 00000006c00329b0
0x0000700001af08b0:   0000700001af08b0 0000000122d332a5
0x0000700001af08c0:   0000700001af0908 0000000122d34290
0x0000700001af08d0:   000000017fb161d0 0000000122d332c8
0x0000700001af08e0:   0000700001af0890 0000700001af0910
0x0000700001af08f0:   00000006c00326a0 000000010a86e934
0x0000700001af0900:   0000000000000020 00000006c00329b0
0x0000700001af0910:   0000000122d37588 0000000100000000
0x0000700001af0920:   00000006c00326a0 0000000000000000
0x0000700001af0930:   0000700001af0960 0000700001af09d0
0x0000700001af0940:   0000000000000001 0000000000000000
0x0000700001af0950:   0000700001af09d0 0000000109f867a7 

Instructions: (pc=0x0000000126a82e43)
0x0000000126a82e23:   c0 e9 82 00 00 00 48 8b 5e 10 48 85 db 75 0e bf
0x0000000126a82e33:   01 00 00 00 48 8d 15 fd 75 03 00 eb d6 49 89 fe
0x0000000126a82e43:   4c 8b 3b 30 c0 e8 c5 a2 02 00 49 8b 3f 49 89 c4
0x0000000126a82e53:   48 8b 35 a6 f7 05 00 30 c0 e8 cb a3 02 00 48 85 

Register to memory mapping:

RAX=0x0000000126aa33a2: Java_sun_java2d_opengl_OGLRenderQueue_flushBuffer+0x612 in /Library/Internet Plug-Ins/JavaAppletPlugin.plugin/Contents/Home/lib/libawt_lwawt.dylib at 0x0000000126a68000
RBX=0x0000000000000002 is an unknown value
RCX=0x0000000000000047 is an unknown value
RDX=0x0000000126aa38ec: Java_sun_java2d_opengl_OGLRenderQueue_flushBuffer+0xb5c in /Library/Internet Plug-Ins/JavaAppletPlugin.plugin/Contents/Home/lib/libawt_lwawt.dylib at 0x0000000126a68000
RSP=0x0000700001af0760 is pointing into the stack for thread: 0x00007fc1bb14d000
RBP=0x0000700001af0780 is pointing into the stack for thread: 0x00007fc1bb14d000
RSI=0x00007fc1b9e56e50 is an unknown value
RDI=0x00007fc1bb14d1f8 is an unknown value
R8 =0x00000000fffffffc is an unknown value
R9 =0x00007fc1b9e48840 is an unknown value
R10=0x0000000109f9b928 is at code_begin+808 in an Interpreter codelet
method entry point (kind = native)  [0x0000000109f9b600, 0x0000000109f9bf00]  2304 bytes
R11=0x00000001094dbd77: throw_unsatisfied_link_error+0 in /Library/Internet Plug-Ins/JavaAppletPlugin.plugin/Contents/Home/lib/server/libjvm.dylib at 0x0000000109000000
R12=0x0000000000000000 is an unknown value
R13={method} {0x0000000122d331f8} 'flushBuffer' '(JI)V' in 'sun/java2d/opengl/OGLRenderQueue'
R14=0x00007fc1bb14d1f8 is an unknown value
R15=0x00007fc1bb14d000 is a thread


Stack: [0x00007000019f1000,0x0000700001af1000],  sp=0x0000700001af0760,  free space=1021k
Native frames: (J=compiled Java code, j=interpreted, Vv=VM code, C=native code)
C  [libawt_lwawt.dylib+0x1ae43]  OGLSD_SetScratchSurface+0x49
C  [libawt_lwawt.dylib+0x3b3ca]  Java_sun_java2d_opengl_OGLRenderQueue_flushBuffer+0x63a
j  sun.java2d.opengl.OGLRenderQueue.flushBuffer(JI)V+0
j  sun.java2d.opengl.OGLRenderQueue.flushBuffer()V+21
J 4085% C2 sun.java2d.opengl.OGLRenderQueue$QueueFlusher.run()V (234 bytes) @ 0x000000010a86e934 [0x000000010a86e700+0x234]
v  ~StubRoutines::call_stub
V  [libjvm.dylib+0x2ea35e]
V  [libjvm.dylib+0x2eaaec]
V  [libjvm.dylib+0x2eac98]
V  [libjvm.dylib+0x345215]
V  [libjvm.dylib+0x560b83]
V  [libjvm.dylib+0x56227e]
V  [libjvm.dylib+0x482cd6]
C  [libsystem_pthread.dylib+0x3c13]  _pthread_body+0x83
C  [libsystem_pthread.dylib+0x3b90]  _pthread_body+0x0
C  [libsystem_pthread.dylib+0x1375]  thread_start+0xd
C  0x0000000000000000

Java frames: (J=compiled Java code, j=interpreted, Vv=VM code)
j  sun.java2d.opengl.OGLRenderQueue.flushBuffer(JI)V+0
j  sun.java2d.opengl.OGLRenderQueue.flushBuffer()V+21
J 4085% C2 sun.java2d.opengl.OGLRenderQueue$QueueFlusher.run()V (234 bytes) @ 0x000000010a86e934 [0x000000010a86e700+0x234]
v  ~StubRoutines::call_stub

---------------  P R O C E S S  ---------------

Java Threads: ( => current thread )
  0x00007fc1ba54b800 JavaThread "Keep-Alive-Timer" daemon [_thread_blocked, id=36711, stack(0x0000700001762000,0x0000700001862000)]
  0x00007fc1c3801000 JavaThread "class org.jibble.pircbot.InputThread-Thread" [_thread_in_native, id=59307, stack(0x0000700000d3e000,0x0000700000e3e000)]
  0x00007fc1bab52800 JavaThread "class org.jibble.pircbot.OutputThread-Thread" [_thread_blocked, id=73987, stack(0x0000700002698000,0x0000700002798000)]
  0x00007fc1bd1d9000 JavaThread "Thread-5" [_thread_blocked, id=72963, stack(0x0000700002492000,0x0000700002592000)]
  0x00007fc1bd1d8800 JavaThread "Thread-4" [_thread_blocked, id=72451, stack(0x000070000238f000,0x000070000248f000)]
  0x00007fc1bd3b0800 JavaThread "Thread-3" [_thread_blocked, id=71939, stack(0x000070000228c000,0x000070000238c000)]
  0x00007fc1bd3b0000 JavaThread "Thread-2" [_thread_in_native, id=71427, stack(0x0000700002189000,0x0000700002289000)]
  0x00007fc1bd0a7800 JavaThread "Thread-1" [_thread_in_native, id=70915, stack(0x0000700002086000,0x0000700002186000)]
  0x00007fc1bd0a2800 JavaThread "Thread-0" [_thread_blocked, id=69787, stack(0x0000700001f83000,0x0000700002083000)]
  0x00007fc1bd2d5000 JavaThread "TimerQueue" daemon [_thread_blocked, id=66079, stack(0x0000700001d7d000,0x0000700001e7d000)]
  0x00007fc1ba242000 JavaThread "DestroyJavaVM" [_thread_blocked, id=5891, stack(0x000070000011a000,0x000070000021a000)]
  0x00007fc1bb18b800 JavaThread "AWT-EventQueue-0" [_thread_blocked, id=58671, stack(0x0000700001bf7000,0x0000700001cf7000)]
  0x00007fc1ba8e0800 JavaThread "Java2D Disposer" daemon [_thread_blocked, id=55815, stack(0x0000700001af4000,0x0000700001bf4000)]
=>0x00007fc1bb14d000 JavaThread "Java2D Queue Flusher" daemon [_thread_in_native, id=54023, stack(0x00007000019f1000,0x0000700001af1000)]
  0x00007fc1bd167800 JavaThread "AWT-Shutdown" [_thread_blocked, id=32019, stack(0x000070000165f000,0x000070000175f000)]
  0x00007fc1ba11e800 JavaThread "AppKit Thread" daemon [_thread_in_native, id=1295, stack(0x00007fff57789000,0x00007fff57f89000)]
  0x00007fc1ba02f000 JavaThread "Service Thread" daemon [_thread_blocked, id=21251, stack(0x0000700001353000,0x0000700001453000)]
  0x00007fc1bb01b000 JavaThread "C1 CompilerThread3" daemon [_thread_blocked, id=20739, stack(0x0000700001250000,0x0000700001350000)]
  0x00007fc1bb012000 JavaThread "C2 CompilerThread2" daemon [_thread_blocked, id=20227, stack(0x000070000114d000,0x000070000124d000)]
  0x00007fc1bd031800 JavaThread "C2 CompilerThread1" daemon [_thread_blocked, id=19715, stack(0x000070000104a000,0x000070000114a000)]
  0x00007fc1ba02e000 JavaThread "C2 CompilerThread0" daemon [_thread_blocked, id=19203, stack(0x0000700000f47000,0x0000700001047000)]
  0x00007fc1bb00e800 JavaThread "Signal Dispatcher" daemon [_thread_blocked, id=15887, stack(0x0000700000e44000,0x0000700000f44000)]
  0x00007fc1bb005800 JavaThread "Finalizer" daemon [_thread_in_Java, id=14339, stack(0x0000700000c3b000,0x0000700000d3b000)]
  0x00007fc1ba014800 JavaThread "Reference Handler" daemon [_thread_blocked, id=13827, stack(0x0000700000b38000,0x0000700000c38000)]

Other Threads:
  0x00007fc1ba011800 VMThread [stack: 0x0000700000a35000,0x0000700000b35000] [id=13315]
  0x00007fc1ba072000 WatcherThread [stack: 0x0000700001456000,0x0000700001556000] [id=21763]

VM state:not at safepoint (normal execution)

VM Mutex/Monitor currently owned by a thread: None

Heap:
 PSYoungGen      total 32256K, used 583K [0x000000076ab00000, 0x000000076ce80000, 0x00000007c0000000)
  eden space 28160K, 2% used [0x000000076ab00000,0x000000076ab91f38,0x000000076c680000)
  from space 4096K, 0% used [0x000000076c680000,0x000000076c680000,0x000000076ca80000)
  to   space 4096K, 0% used [0x000000076ca80000,0x000000076ca80000,0x000000076ce80000)
 ParOldGen       total 170496K, used 106368K [0x00000006c0000000, 0x00000006ca680000, 0x000000076ab00000)
  object space 170496K, 62% used [0x00000006c0000000,0x00000006c67e00d0,0x00000006ca680000)
 Metaspace       used 18697K, capacity 18984K, committed 19456K, reserved 1067008K
  class space    used 2078K, capacity 2174K, committed 2304K, reserved 1048576K

Card table byte_map: [0x0000000119346000,0x0000000119b47000] byte_map_base: 0x0000000115d46000

Marking Bits: (ParMarkBitMap*) 0x00000001098dde20
 Begin Bits: [0x000000011a09d000, 0x000000011e09d000)
 End Bits:   [0x000000011e09d000, 0x000000012209d000)

Polling page: 0x0000000107f6c000

CodeCache: size=245760Kb used=12065Kb max_used=12164Kb free=233694Kb
 bounds [0x0000000109f86000, 0x000000010aba6000, 0x0000000118f86000]
 total_blobs=3898 nmethods=3318 adapters=492
 compilation: enabled

Compilation events (10 events):
Event: 146686.878 Thread 0x00007fc1bd031800 4278       4       sun.security.util.DerOutputStream::putIntegerContents (175 bytes)
Event: 146686.889 Thread 0x00007fc1bd031800 nmethod 4278 0x000000010a4ae690 code [0x000000010a4ae820, 0x000000010a4aefa8]
Event: 147959.899 Thread 0x00007fc1ba02e000 4279       4       sun.security.ssl.OutputRecord::doHashes (36 bytes)
Event: 147959.901 Thread 0x00007fc1ba02e000 nmethod 4279 0x000000010a9151d0 code [0x000000010a915320, 0x000000010a9153e8]
Event: 149541.432 Thread 0x00007fc1bb01b000 4280  s    3       org.jibble.pircbot.PircBot::sendRawLineViaQueue (30 bytes)
Event: 149541.434 Thread 0x00007fc1bb01b000 nmethod 4280 0x000000010a84ae10 code [0x000000010a84afe0, 0x000000010a84ba88]
Event: 149961.108 Thread 0x00007fc1bd031800 4281  s    4       java.util.Vector::removeElementAt (115 bytes)
Event: 149961.114 Thread 0x00007fc1bd031800 nmethod 4281 0x000000010a960dd0 code [0x000000010a960f20, 0x000000010a961338]
Event: 151117.594 Thread 0x00007fc1bb01b000 4282       3       sun.java2d.pipe.RenderQueue::ensureCapacityAndAlignment (13 bytes)
Event: 151117.595 Thread 0x00007fc1bb01b000 nmethod 4282 0x000000010a958d90 code [0x000000010a958f40, 0x000000010a9596a8]

GC Heap History (10 events):
Event: 150513.585 GC heap before
{Heap before GC invocations=1030 (full 0):
 PSYoungGen      total 32256K, used 31604K [0x000000076ab00000, 0x000000076ce80000, 0x00000007c0000000)
  eden space 28160K, 100% used [0x000000076ab00000,0x000000076c680000,0x000000076c680000)
  from space 4096K, 84% used [0x000000076c680000,0x000000076c9dd230,0x000000076ca80000)
  to   space 4096K, 0% used [0x000000076ca80000,0x000000076ca80000,0x000000076ce80000)
 ParOldGen       total 175104K, used 174398K [0x00000006c0000000, 0x00000006cab00000, 0x000000076ab00000)
  object space 175104K, 99% used [0x00000006c0000000,0x00000006caa4fa08,0x00000006cab00000)
 Metaspace       used 18727K, capacity 19032K, committed 19456K, reserved 1067008K
  class space    used 2084K, capacity 2186K, committed 2304K, reserved 1048576K
Event: 150513.590 GC heap after
Heap after GC invocations=1030 (full 0):
 PSYoungGen      total 32256K, used 3687K [0x000000076ab00000, 0x000000076ce80000, 0x00000007c0000000)
  eden space 28160K, 0% used [0x000000076ab00000,0x000000076ab00000,0x000000076c680000)
  from space 4096K, 90% used [0x000000076ca80000,0x000000076ce19d40,0x000000076ce80000)
  to   space 4096K, 0% used [0x000000076c680000,0x000000076c680000,0x000000076ca80000)
 ParOldGen       total 175104K, used 174543K [0x00000006c0000000, 0x00000006cab00000, 0x000000076ab00000)
  object space 175104K, 99% used [0x00000006c0000000,0x00000006caa73ec8,0x00000006cab00000)
 Metaspace       used 18727K, capacity 19032K, committed 19456K, reserved 1067008K
  class space    used 2084K, capacity 2186K, committed 2304K, reserved 1048576K
}
Event: 150720.413 GC heap before
{Heap before GC invocations=1031 (full 0):
 PSYoungGen      total 32256K, used 31847K [0x000000076ab00000, 0x000000076ce80000, 0x00000007c0000000)
  eden space 28160K, 100% used [0x000000076ab00000,0x000000076c680000,0x000000076c680000)
  from space 4096K, 90% used [0x000000076ca80000,0x000000076ce19d40,0x000000076ce80000)
  to   space 4096K, 0% used [0x000000076c680000,0x000000076c680000,0x000000076ca80000)
 ParOldGen       total 175104K, used 174543K [0x00000006c0000000, 0x00000006cab00000, 0x000000076ab00000)
  object space 175104K, 99% used [0x00000006c0000000,0x00000006caa73ec8,0x00000006cab00000)
 Metaspace       used 18727K, capacity 19032K, committed 19456K, reserved 1067008K
  class space    used 2084K, capacity 2186K, committed 2304K, reserved 1048576K
Event: 150720.418 GC heap after
Heap after GC invocations=1031 (full 0):
 PSYoungGen      total 32256K, used 3650K [0x000000076ab00000, 0x000000076ce80000, 0x00000007c0000000)
  eden space 28160K, 0% used [0x000000076ab00000,0x000000076ab00000,0x000000076c680000)
  from space 4096K, 89% used [0x000000076c680000,0x000000076ca10b40,0x000000076ca80000)
  to   space 4096K, 0% used [0x000000076ca80000,0x000000076ca80000,0x000000076ce80000)
 ParOldGen       total 175104K, used 174705K [0x00000006c0000000, 0x00000006cab00000, 0x000000076ab00000)
  object space 175104K, 99% used [0x00000006c0000000,0x00000006caa9c7c8,0x00000006cab00000)
 Metaspace       used 18727K, capacity 19032K, committed 19456K, reserved 1067008K
  class space    used 2084K, capacity 2186K, committed 2304K, reserved 1048576K
}
Event: 150911.999 GC heap before
{Heap before GC invocations=1032 (full 0):
 PSYoungGen      total 32256K, used 31810K [0x000000076ab00000, 0x000000076ce80000, 0x00000007c0000000)
  eden space 28160K, 100% used [0x000000076ab00000,0x000000076c680000,0x000000076c680000)
  from space 4096K, 89% used [0x000000076c680000,0x000000076ca10b40,0x000000076ca80000)
  to   space 4096K, 0% used [0x000000076ca80000,0x000000076ca80000,0x000000076ce80000)
 ParOldGen       total 175104K, used 174705K [0x00000006c0000000, 0x00000006cab00000, 0x000000076ab00000)
  object space 175104K, 99% used [0x00000006c0000000,0x00000006caa9c7c8,0x00000006cab00000)
 Metaspace       used 18727K, capacity 19032K, committed 19456K, reserved 1067008K
  class space    used 2084K, capacity 2186K, committed 2304K, reserved 1048576K
Event: 150912.004 GC heap after
Heap after GC invocations=1032 (full 0):
 PSYoungGen      total 32256K, used 3454K [0x000000076ab00000, 0x000000076ce80000, 0x00000007c0000000)
  eden space 28160K, 0% used [0x000000076ab00000,0x000000076ab00000,0x000000076c680000)
  from space 4096K, 84% used [0x000000076ca80000,0x000000076cddfba0,0x000000076ce80000)
  to   space 4096K, 0% used [0x000000076c680000,0x000000076c680000,0x000000076ca80000)
 ParOldGen       total 175104K, used 174859K [0x00000006c0000000, 0x00000006cab00000, 0x000000076ab00000)
  object space 175104K, 99% used [0x00000006c0000000,0x00000006caac2c88,0x00000006cab00000)
 Metaspace       used 18727K, capacity 19032K, committed 19456K, reserved 1067008K
  class space    used 2084K, capacity 2186K, committed 2304K, reserved 1048576K
}
Event: 151117.494 GC heap before
{Heap before GC invocations=1033 (full 0):
 PSYoungGen      total 32256K, used 31614K [0x000000076ab00000, 0x000000076ce80000, 0x00000007c0000000)
  eden space 28160K, 100% used [0x000000076ab00000,0x000000076c680000,0x000000076c680000)
  from space 4096K, 84% used [0x000000076ca80000,0x000000076cddfba0,0x000000076ce80000)
  to   space 4096K, 0% used [0x000000076c680000,0x000000076c680000,0x000000076ca80000)
 ParOldGen       total 175104K, used 174859K [0x00000006c0000000, 0x00000006cab00000, 0x000000076ab00000)
  object space 175104K, 99% used [0x00000006c0000000,0x00000006caac2c88,0x00000006cab00000)
 Metaspace       used 18727K, capacity 19032K, committed 19456K, reserved 1067008K
  class space    used 2084K, capacity 2186K, committed 2304K, reserved 1048576K
Event: 151117.499 GC heap after
Heap after GC invocations=1033 (full 0):
 PSYoungGen      total 32256K, used 3749K [0x000000076ab00000, 0x000000076ce80000, 0x00000007c0000000)
  eden space 28160K, 0% used [0x000000076ab00000,0x000000076ab00000,0x000000076c680000)
  from space 4096K, 91% used [0x000000076c680000,0x000000076ca29420,0x000000076ca80000)
  to   space 4096K, 0% used [0x000000076ca80000,0x000000076ca80000,0x000000076ce80000)
 ParOldGen       total 175104K, used 174972K [0x00000006c0000000, 0x00000006cab00000, 0x000000076ab00000)
  object space 175104K, 99% used [0x00000006c0000000,0x00000006caadf118,0x00000006cab00000)
 Metaspace       used 18727K, capacity 19032K, committed 19456K, reserved 1067008K
  class space    used 2084K, capacity 2186K, committed 2304K, reserved 1048576K
}
Event: 151117.499 GC heap before
{Heap before GC invocations=1034 (full 1):
 PSYoungGen      total 32256K, used 3749K [0x000000076ab00000, 0x000000076ce80000, 0x00000007c0000000)
  eden space 28160K, 0% used [0x000000076ab00000,0x000000076ab00000,0x000000076c680000)
  from space 4096K, 91% used [0x000000076c680000,0x000000076ca29420,0x000000076ca80000)
  to   space 4096K, 0% used [0x000000076ca80000,0x000000076ca80000,0x000000076ce80000)
 ParOldGen       total 175104K, used 174972K [0x00000006c0000000, 0x00000006cab00000, 0x000000076ab00000)
  object space 175104K, 99% used [0x00000006c0000000,0x00000006caadf118,0x00000006cab00000)
 Metaspace       used 18727K, capacity 19032K, committed 19456K, reserved 1067008K
  class space    used 2084K, capacity 2186K, committed 2304K, reserved 1048576K
Event: 151117.592 GC heap after
Heap after GC invocations=1034 (full 1):
 PSYoungGen      total 32256K, used 0K [0x000000076ab00000, 0x000000076ce80000, 0x00000007c0000000)
  eden space 28160K, 0% used [0x000000076ab00000,0x000000076ab00000,0x000000076c680000)
  from space 4096K, 0% used [0x000000076c680000,0x000000076c680000,0x000000076ca80000)
  to   space 4096K, 0% used [0x000000076ca80000,0x000000076ca80000,0x000000076ce80000)
 ParOldGen       total 170496K, used 106368K [0x00000006c0000000, 0x00000006ca680000, 0x000000076ab00000)
  object space 170496K, 62% used [0x00000006c0000000,0x00000006c67e00d0,0x00000006ca680000)
 Metaspace       used 18697K, capacity 18984K, committed 19456K, reserved 1067008K
  class space    used 2078K, capacity 2174K, committed 2304K, reserved 1048576K
}

Deoptimization events (10 events):
Event: 115622.212 Thread 0x00007fc1c3801000 Uncommon trap: reason=class_check action=maybe_recompile pc=0x000000010a935d3c method=java.util.Collections$UnmodifiableList.get(I)Ljava/lang/Object; @ 5
Event: 115622.213 Thread 0x00007fc1c3801000 Uncommon trap: reason=unstable_if action=reinterpret pc=0x000000010a27669c method=java.util.HashMap.tableSizeFor(I)I @ 37
Event: 115622.213 Thread 0x00007fc1c3801000 Uncommon trap: reason=bimorphic action=maybe_recompile pc=0x000000010a4d53a4 method=java.util.Collections$UnmodifiableCollection.isEmpty()Z @ 4
Event: 115622.213 Thread 0x00007fc1c3801000 Uncommon trap: reason=class_check action=maybe_recompile pc=0x000000010a6fb480 method=java.util.Collections$UnmodifiableCollection.size()I @ 4
Event: 115622.214 Thread 0x00007fc1c3801000 Uncommon trap: reason=bimorphic action=maybe_recompile pc=0x000000010a4d53a4 method=java.util.Collections$UnmodifiableCollection.isEmpty()Z @ 4
Event: 115622.216 Thread 0x00007fc1c3801000 Uncommon trap: reason=bimorphic action=maybe_recompile pc=0x000000010a4d53a4 method=java.util.Collections$UnmodifiableCollection.isEmpty()Z @ 4
Event: 115622.218 Thread 0x00007fc1c3801000 Uncommon trap: reason=class_check action=maybe_recompile pc=0x000000010a384dc0 method=java.io.DataInputStream.readInt()I @ 4
Event: 115622.218 Thread 0x00007fc1c3801000 Uncommon trap: reason=class_check action=maybe_recompile pc=0x000000010a384dc0 method=java.io.DataInputStream.readInt()I @ 4
Event: 115622.218 Thread 0x00007fc1c3801000 Uncommon trap: reason=class_check action=maybe_recompile pc=0x000000010a384dc0 method=java.io.DataInputStream.readInt()I @ 4
Event: 115622.218 Thread 0x00007fc1c3801000 Uncommon trap: reason=class_check action=maybe_recompile pc=0x000000010a384dc0 method=java.io.DataInputStream.readInt()I @ 4

Internal exceptions (10 events):
Event: 0.430 Thread 0x00007fc1bd006800 Exception <a 'java/security/PrivilegedActionException'> (0x000000076b2c41b8) thrown at [/HUDSON3/workspace/8-2-build-macosx-x86_64/jdk8u66/4988/hotspot/src/share/vm/prims/jvm.cpp, line 1386]
Event: 0.430 Thread 0x00007fc1bd006800 Exception <a 'java/security/PrivilegedActionException'> (0x000000076b2c5350) thrown at [/HUDSON3/workspace/8-2-build-macosx-x86_64/jdk8u66/4988/hotspot/src/share/vm/prims/jvm.cpp, line 1386]
Event: 0.430 Thread 0x00007fc1bd006800 Exception <a 'java/security/PrivilegedActionException'> (0x000000076b2c5748) thrown at [/HUDSON3/workspace/8-2-build-macosx-x86_64/jdk8u66/4988/hotspot/src/share/vm/prims/jvm.cpp, line 1386]
Event: 0.430 Thread 0x00007fc1bd006800 Exception <a 'java/security/PrivilegedActionException'> (0x000000076b2c68e0) thrown at [/HUDSON3/workspace/8-2-build-macosx-x86_64/jdk8u66/4988/hotspot/src/share/vm/prims/jvm.cpp, line 1386]
Event: 0.430 Thread 0x00007fc1bd006800 Exception <a 'java/security/PrivilegedActionException'> (0x000000076b2c6cd8) thrown at [/HUDSON3/workspace/8-2-build-macosx-x86_64/jdk8u66/4988/hotspot/src/share/vm/prims/jvm.cpp, line 1386]
Event: 70.744 Thread 0x00007fc1bb005800 Exception <a 'java/lang/NullPointerException'> (0x000000076aeddb90) thrown at [/HUDSON3/workspace/8-2-build-macosx-x86_64/jdk8u66/4988/hotspot/src/share/vm/interpreter/linkResolver.cpp, line 1178]
Event: 70.747 Thread 0x00007fc1bb005800 Exception <a 'java/lang/NullPointerException'> (0x000000076aedf458) thrown at [/HUDSON3/workspace/8-2-build-macosx-x86_64/jdk8u66/4988/hotspot/src/share/vm/interpreter/linkResolver.cpp, line 1178]
Event: 64935.477 Thread 0x00007fc1bab48000 Exception <a 'java/net/SocketException'> (0x000000076ac79700) thrown at [/HUDSON3/workspace/8-2-build-macosx-x86_64/jdk8u66/4988/hotspot/src/share/vm/prims/jni.cpp, line 709]
Event: 94695.280 Thread 0x00007fc1bd3b0800 Exception <a 'java/net/ConnectException'> (0x000000076ae183a0) thrown at [/HUDSON3/workspace/8-2-build-macosx-x86_64/jdk8u66/4988/hotspot/src/share/vm/prims/jni.cpp, line 709]
Event: 115622.204 Thread 0x00007fc1c3801000 Implicit null exception at 0x000000010a537ad5 to 0x000000010a537b81

Events (10 events):
Event: 151117.596 Executing VM operation: RevokeBias
Event: 151117.596 Executing VM operation: RevokeBias done
Event: 151117.597 Executing VM operation: RevokeBias
Event: 151117.597 Executing VM operation: RevokeBias done
Event: 151117.597 Executing VM operation: RevokeBias
Event: 151117.597 Executing VM operation: RevokeBias done
Event: 151117.597 Executing VM operation: BulkRevokeBias
Event: 151117.597 Executing VM operation: BulkRevokeBias done
Event: 151117.597 Executing VM operation: RevokeBias
Event: 151117.597 Executing VM operation: RevokeBias done


Dynamic libraries:
0x000000000a33b000 	/System/Library/Frameworks/Cocoa.framework/Versions/A/Cocoa
0x000000000a33b000 	/System/Library/Frameworks/Security.framework/Versions/A/Security
0x000000000a33b000 	/System/Library/Frameworks/ApplicationServices.framework/Versions/A/ApplicationServices
0x000000000a33b000 	/usr/lib/libz.1.dylib
0x000000000a33b000 	/usr/lib/libSystem.B.dylib
0x000000000a33b000 	/usr/lib/libobjc.A.dylib
0x000000000a33b000 	/System/Library/Frameworks/CoreFoundation.framework/Versions/A/CoreFoundation
0x000000000a33b000 	/System/Library/Frameworks/Foundation.framework/Versions/C/Foundation
0x000000000a33b000 	/System/Library/Frameworks/AppKit.framework/Versions/C/AppKit
0x000000000a33b000 	/System/Library/Frameworks/CoreData.framework/Versions/A/CoreData
0x000000000a33b000 	/System/Library/PrivateFrameworks/RemoteViewServices.framework/Versions/A/RemoteViewServices
0x000000000a33b000 	/System/Library/PrivateFrameworks/UIFoundation.framework/Versions/A/UIFoundation
0x000000000a33b000 	/usr/lib/libScreenReader.dylib
0x000000000a33b000 	/System/Library/Frameworks/Accelerate.framework/Versions/A/Accelerate
0x000000000a33b000 	/System/Library/Frameworks/IOSurface.framework/Versions/A/IOSurface
0x000000000a33b000 	/System/Library/Frameworks/AudioToolbox.framework/Versions/A/AudioToolbox
0x000000000a33b000 	/System/Library/Frameworks/AudioUnit.framework/Versions/A/AudioUnit
0x000000000a33b000 	/System/Library/PrivateFrameworks/DataDetectorsCore.framework/Versions/A/DataDetectorsCore
0x000000000a33b000 	/System/Library/PrivateFrameworks/DesktopServicesPriv.framework/Versions/A/DesktopServicesPriv
0x000000000a33b000 	/System/Library/Frameworks/Carbon.framework/Versions/A/Frameworks/HIToolbox.framework/Versions/A/HIToolbox
0x000000000a33b000 	/System/Library/Frameworks/QuartzCore.framework/Versions/A/QuartzCore
0x000000000a33b000 	/System/Library/Frameworks/Carbon.framework/Versions/A/Frameworks/SpeechRecognition.framework/Versions/A/SpeechRecognition
0x000000000a33b000 	/usr/lib/libauto.dylib
0x000000000a33b000 	/usr/lib/libicucore.A.dylib
0x000000000a33b000 	/usr/lib/libxml2.2.dylib
0x000000000a33b000 	/System/Library/PrivateFrameworks/CoreUI.framework/Versions/A/CoreUI
0x000000000a33b000 	/System/Library/Frameworks/CoreAudio.framework/Versions/A/CoreAudio
0x000000000a33b000 	/System/Library/Frameworks/DiskArbitration.framework/Versions/A/DiskArbitration
0x000000000a33b000 	/usr/lib/liblangid.dylib
0x000000000a33b000 	/System/Library/PrivateFrameworks/MultitouchSupport.framework/Versions/A/MultitouchSupport
0x000000000a33b000 	/System/Library/Frameworks/IOKit.framework/Versions/A/IOKit
0x000000000a33b000 	/usr/lib/libDiagnosticMessagesClient.dylib
0x000000000a33b000 	/System/Library/Frameworks/CoreServices.framework/Versions/A/CoreServices
0x000000000a33b000 	/System/Library/PrivateFrameworks/PerformanceAnalysis.framework/Versions/A/PerformanceAnalysis
0x000000000a33b000 	/System/Library/PrivateFrameworks/GenerationalStorage.framework/Versions/A/GenerationalStorage
0x000000000a33b000 	/System/Library/Frameworks/OpenGL.framework/Versions/A/OpenGL
0x000000000a33b000 	/System/Library/PrivateFrameworks/Sharing.framework/Versions/A/Sharing
0x000000000a33b000 	/System/Library/Frameworks/CoreGraphics.framework/Versions/A/CoreGraphics
0x000000000a33b000 	/System/Library/Frameworks/CoreImage.framework/Versions/A/CoreImage
0x000000000a33b000 	/System/Library/Frameworks/CoreText.framework/Versions/A/CoreText
0x000000000a33b000 	/System/Library/Frameworks/ImageIO.framework/Versions/A/ImageIO
0x000000000a33b000 	/System/Library/PrivateFrameworks/Backup.framework/Versions/A/Backup
0x000000000a33b000 	/usr/lib/libextension.dylib
0x000000000a33b000 	/usr/lib/libarchive.2.dylib
0x000000000a33b000 	/System/Library/Frameworks/CFNetwork.framework/Versions/A/CFNetwork
0x000000000a33b000 	/System/Library/Frameworks/SystemConfiguration.framework/Versions/A/SystemConfiguration
0x000000000a33b000 	/usr/lib/libCRFSuite.dylib
0x000000000a33b000 	/usr/lib/libc++.1.dylib
0x000000000a33b000 	/usr/lib/libc++abi.dylib
0x000000000a33b000 	/usr/lib/system/libcache.dylib
0x000000000a33b000 	/usr/lib/system/libcommonCrypto.dylib
0x000000000a33b000 	/usr/lib/system/libcompiler_rt.dylib
0x000000000a33b000 	/usr/lib/system/libcopyfile.dylib
0x000000000a33b000 	/usr/lib/system/libcorecrypto.dylib
0x000000000a33b000 	/usr/lib/system/libdispatch.dylib
0x000000000a33b000 	/usr/lib/system/libdyld.dylib
0x000000000a33b000 	/usr/lib/system/libkeymgr.dylib
0x000000000a33b000 	/usr/lib/system/liblaunch.dylib
0x000000000a33b000 	/usr/lib/system/libmacho.dylib
0x000000000a33b000 	/usr/lib/system/libquarantine.dylib
0x000000000a33b000 	/usr/lib/system/libremovefile.dylib
0x000000000a33b000 	/usr/lib/system/libsystem_asl.dylib
0x000000000a33b000 	/usr/lib/system/libsystem_blocks.dylib
0x000000000a33b000 	/usr/lib/system/libsystem_c.dylib
0x000000000a33b000 	/usr/lib/system/libsystem_configuration.dylib
0x000000000a33b000 	/usr/lib/system/libsystem_coreservices.dylib
0x000000000a33b000 	/usr/lib/system/libsystem_coretls.dylib
0x000000000a33b000 	/usr/lib/system/libsystem_dnssd.dylib
0x000000000a33b000 	/usr/lib/system/libsystem_info.dylib
0x000000000a33b000 	/usr/lib/system/libsystem_kernel.dylib
0x000000000a33b000 	/usr/lib/system/libsystem_m.dylib
0x000000000a33b000 	/usr/lib/system/libsystem_malloc.dylib
0x000000000a33b000 	/usr/lib/system/libsystem_network.dylib
0x000000000a33b000 	/usr/lib/system/libsystem_networkextension.dylib
0x000000000a33b000 	/usr/lib/system/libsystem_notify.dylib
0x000000000a33b000 	/usr/lib/system/libsystem_platform.dylib
0x000000000a33b000 	/usr/lib/system/libsystem_pthread.dylib
0x000000000a33b000 	/usr/lib/system/libsystem_sandbox.dylib
0x000000000a33b000 	/usr/lib/system/libsystem_secinit.dylib
0x000000000a33b000 	/usr/lib/system/libsystem_trace.dylib
0x000000000a33b000 	/usr/lib/system/libunc.dylib
0x000000000a33b000 	/usr/lib/system/libunwind.dylib
0x000000000a33b000 	/usr/lib/system/libxpc.dylib
0x000000000a33b000 	/usr/lib/libenergytrace.dylib
0x000000000a33b000 	/usr/lib/libbsm.0.dylib
0x000000000a33b000 	/usr/lib/system/libkxld.dylib
0x000000000a33b000 	/usr/lib/libxar.1.dylib
0x000000000a33b000 	/usr/lib/libsqlite3.dylib
0x000000000a33b000 	/usr/lib/libpam.2.dylib
0x000000000a33b000 	/usr/lib/libOpenScriptingUtil.dylib
0x000000000a33b000 	/usr/lib/libbz2.1.0.dylib
0x000000000a33b000 	/usr/lib/liblzma.5.dylib
0x000000000a33b000 	/System/Library/Frameworks/CoreServices.framework/Versions/A/Frameworks/FSEvents.framework/Versions/A/FSEvents
0x000000000a33b000 	/System/Library/Frameworks/CoreServices.framework/Versions/A/Frameworks/CarbonCore.framework/Versions/A/CarbonCore
0x000000000a33b000 	/System/Library/Frameworks/CoreServices.framework/Versions/A/Frameworks/Metadata.framework/Versions/A/Metadata
0x000000000a33b000 	/System/Library/Frameworks/CoreServices.framework/Versions/A/Frameworks/OSServices.framework/Versions/A/OSServices
0x000000000a33b000 	/System/Library/Frameworks/CoreServices.framework/Versions/A/Frameworks/SearchKit.framework/Versions/A/SearchKit
0x000000000a33b000 	/System/Library/Frameworks/CoreServices.framework/Versions/A/Frameworks/AE.framework/Versions/A/AE
0x000000000a33b000 	/System/Library/Frameworks/CoreServices.framework/Versions/A/Frameworks/LaunchServices.framework/Versions/A/LaunchServices
0x000000000a33b000 	/System/Library/Frameworks/CoreServices.framework/Versions/A/Frameworks/DictionaryServices.framework/Versions/A/DictionaryServices
0x000000000a33b000 	/System/Library/Frameworks/CoreServices.framework/Versions/A/Frameworks/SharedFileList.framework/Versions/A/SharedFileList
0x000000000a33b000 	/System/Library/Frameworks/NetFS.framework/Versions/A/NetFS
0x000000000a33b000 	/System/Library/PrivateFrameworks/NetAuth.framework/Versions/A/NetAuth
0x000000000a33b000 	/System/Library/PrivateFrameworks/login.framework/Versions/A/Frameworks/loginsupport.framework/Versions/A/loginsupport
0x000000000a33b000 	/System/Library/PrivateFrameworks/TCC.framework/Versions/A/TCC
0x000000000a33b000 	/usr/lib/libmecabra.dylib
0x000000000a33b000 	/System/Library/Frameworks/ApplicationServices.framework/Versions/A/Frameworks/ATS.framework/Versions/A/ATS
0x000000000a33b000 	/System/Library/Frameworks/ApplicationServices.framework/Versions/A/Frameworks/ColorSync.framework/Versions/A/ColorSync
0x000000000a33b000 	/System/Library/Frameworks/ApplicationServices.framework/Versions/A/Frameworks/HIServices.framework/Versions/A/HIServices
0x000000000a33b000 	/System/Library/Frameworks/ApplicationServices.framework/Versions/A/Frameworks/LangAnalysis.framework/Versions/A/LangAnalysis
0x000000000a33b000 	/System/Library/Frameworks/ApplicationServices.framework/Versions/A/Frameworks/PrintCore.framework/Versions/A/PrintCore
0x000000000a33b000 	/System/Library/Frameworks/ApplicationServices.framework/Versions/A/Frameworks/QD.framework/Versions/A/QD
0x000000000a33b000 	/System/Library/Frameworks/ApplicationServices.framework/Versions/A/Frameworks/SpeechSynthesis.framework/Versions/A/SpeechSynthesis
0x000000000a33b000 	/System/Library/Frameworks/Metal.framework/Versions/A/Metal
0x000000000a33b000 	/System/Library/Frameworks/Accelerate.framework/Versions/A/Frameworks/vImage.framework/Versions/A/vImage
0x000000000a33b000 	/System/Library/Frameworks/Accelerate.framework/Versions/A/Frameworks/vecLib.framework/Versions/A/vecLib
0x000000000a33b000 	/System/Library/Frameworks/Accelerate.framework/Versions/A/Frameworks/vecLib.framework/Versions/A/libvDSP.dylib
0x000000000a33b000 	/System/Library/Frameworks/Accelerate.framework/Versions/A/Frameworks/vecLib.framework/Versions/A/libvMisc.dylib
0x000000000a33b000 	/System/Library/Frameworks/Accelerate.framework/Versions/A/Frameworks/vecLib.framework/Versions/A/libLAPACK.dylib
0x000000000a33b000 	/System/Library/Frameworks/Accelerate.framework/Versions/A/Frameworks/vecLib.framework/Versions/A/libBLAS.dylib
0x000000000a33b000 	/System/Library/Frameworks/Accelerate.framework/Versions/A/Frameworks/vecLib.framework/Versions/A/libLinearAlgebra.dylib
0x000000000a33b000 	/System/Library/Frameworks/Accelerate.framework/Versions/A/Frameworks/vecLib.framework/Versions/A/libSparseBLAS.dylib
0x000000000a33b000 	/System/Library/PrivateFrameworks/GPUCompiler.framework/libmetal_timestamp.dylib
0x000000000a33b000 	/System/Library/Frameworks/OpenGL.framework/Versions/A/Libraries/libCoreFSCache.dylib
0x000000000a33b000 	/System/Library/PrivateFrameworks/IOAccelerator.framework/Versions/A/IOAccelerator
0x000000000a33b000 	/System/Library/Frameworks/ApplicationServices.framework/Versions/A/Frameworks/ATS.framework/Versions/A/Resources/libFontParser.dylib
0x000000000a33b000 	/System/Library/Frameworks/ApplicationServices.framework/Versions/A/Frameworks/ATS.framework/Versions/A/Resources/libFontRegistry.dylib
0x000000000a33b000 	/System/Library/PrivateFrameworks/AppleVPA.framework/Versions/A/AppleVPA
0x000000000a33b000 	/System/Library/PrivateFrameworks/AppleJPEG.framework/Versions/A/AppleJPEG
0x000000000a33b000 	/System/Library/Frameworks/ImageIO.framework/Versions/A/Resources/libJPEG.dylib
0x000000000a33b000 	/System/Library/Frameworks/ImageIO.framework/Versions/A/Resources/libTIFF.dylib
0x000000000a33b000 	/System/Library/Frameworks/ImageIO.framework/Versions/A/Resources/libPng.dylib
0x000000000a33b000 	/System/Library/Frameworks/ImageIO.framework/Versions/A/Resources/libGIF.dylib
0x000000000a33b000 	/System/Library/Frameworks/ImageIO.framework/Versions/A/Resources/libJP2.dylib
0x000000000a33b000 	/System/Library/Frameworks/ImageIO.framework/Versions/A/Resources/libRadiance.dylib
0x000000000a33b000 	/System/Library/Frameworks/CoreVideo.framework/Versions/A/CoreVideo
0x000000000a33b000 	/System/Library/Frameworks/OpenGL.framework/Versions/A/Libraries/libGLU.dylib
0x000000000a33b000 	/System/Library/Frameworks/OpenGL.framework/Versions/A/Libraries/libGFXShared.dylib
0x000000000a33b000 	/System/Library/Frameworks/OpenGL.framework/Versions/A/Libraries/libGL.dylib
0x000000000a33b000 	/System/Library/Frameworks/OpenGL.framework/Versions/A/Libraries/libGLImage.dylib
0x000000000a33b000 	/System/Library/Frameworks/OpenGL.framework/Versions/A/Libraries/libCVMSPluginSupport.dylib
0x000000000a33b000 	/System/Library/Frameworks/OpenGL.framework/Versions/A/Libraries/libCoreVMClient.dylib
0x000000000a33b000 	/usr/lib/libcups.2.dylib
0x000000000a33b000 	/System/Library/Frameworks/Kerberos.framework/Versions/A/Kerberos
0x000000000a33b000 	/System/Library/Frameworks/GSS.framework/Versions/A/GSS
0x000000000a33b000 	/usr/lib/libresolv.9.dylib
0x000000000a33b000 	/usr/lib/libiconv.2.dylib
0x000000000a33b000 	/System/Library/PrivateFrameworks/Heimdal.framework/Versions/A/Heimdal
0x000000000a33b000 	/usr/lib/libheimdal-asn1.dylib
0x000000000a33b000 	/System/Library/Frameworks/OpenDirectory.framework/Versions/A/OpenDirectory
0x000000000a33b000 	/System/Library/PrivateFrameworks/CommonAuth.framework/Versions/A/CommonAuth
0x000000000a33b000 	/System/Library/Frameworks/OpenDirectory.framework/Versions/A/Frameworks/CFOpenDirectory.framework/Versions/A/CFOpenDirectory
0x000000000a33b000 	/System/Library/Frameworks/SecurityFoundation.framework/Versions/A/SecurityFoundation
0x000000000a33b000 	/System/Library/PrivateFrameworks/LanguageModeling.framework/Versions/A/LanguageModeling
0x000000000a33b000 	/usr/lib/libmarisa.dylib
0x000000000a33b000 	/usr/lib/libChineseTokenizer.dylib
0x000000000a33b000 	/usr/lib/libcmph.dylib
0x000000000a33b000 	/usr/lib/libcompression.dylib
0x000000000a33b000 	/System/Library/Frameworks/ServiceManagement.framework/Versions/A/ServiceManagement
0x000000000a33b000 	/usr/lib/libxslt.1.dylib
0x000000000a33b000 	/System/Library/Frameworks/Carbon.framework/Versions/A/Frameworks/Ink.framework/Versions/A/Ink
0x000000000a33b000 	/usr/lib/libFosl_dynamic.dylib
0x000000000a33b000 	/System/Library/PrivateFrameworks/FaceCore.framework/Versions/A/FaceCore
0x000000000a33b000 	/System/Library/Frameworks/OpenCL.framework/Versions/A/OpenCL
0x000000000a33b000 	/System/Library/PrivateFrameworks/CrashReporterSupport.framework/Versions/A/CrashReporterSupport
0x000000000a33b000 	/System/Library/PrivateFrameworks/IconServices.framework/Versions/A/IconServices
0x000000000a33b000 	/System/Library/PrivateFrameworks/Apple80211.framework/Versions/A/Apple80211
0x000000000a33b000 	/System/Library/Frameworks/CoreWLAN.framework/Versions/A/CoreWLAN
0x000000000a33b000 	/System/Library/Frameworks/IOBluetooth.framework/Versions/A/IOBluetooth
0x000000000a33b000 	/System/Library/PrivateFrameworks/CoreWiFi.framework/Versions/A/CoreWiFi
0x000000000a33b000 	/System/Library/Frameworks/CoreBluetooth.framework/Versions/A/CoreBluetooth
0x000000000a33b000 	/System/Library/PrivateFrameworks/ChunkingLibrary.framework/Versions/A/ChunkingLibrary
0x000000000a33b000 	/System/Library/PrivateFrameworks/DebugSymbols.framework/Versions/A/DebugSymbols
0x000000000a33b000 	/System/Library/PrivateFrameworks/CoreSymbolication.framework/Versions/A/CoreSymbolication
0x000000000a33b000 	/System/Library/PrivateFrameworks/Symbolication.framework/Versions/A/Symbolication
0x000000000a33b000 	/System/Library/PrivateFrameworks/SpeechRecognitionCore.framework/Versions/A/SpeechRecognitionCore
0x0000000109000000 	/Library/Internet Plug-Ins/JavaAppletPlugin.plugin/Contents/Home/lib/server/libjvm.dylib
0x000000000a33b000 	/usr/lib/libstdc++.6.dylib
0x0000000107f29000 	/Library/Internet Plug-Ins/JavaAppletPlugin.plugin/Contents/Home/lib/libverify.dylib
0x0000000107f37000 	/Library/Internet Plug-Ins/JavaAppletPlugin.plugin/Contents/Home/lib/libjava.dylib
0x0000000107f76000 	/Library/Internet Plug-Ins/JavaAppletPlugin.plugin/Contents/Home/lib/libzip.dylib
0x0000000124fa3000 	/System/Library/Frameworks/JavaVM.framework/Frameworks/JavaRuntimeSupport.framework/JavaRuntimeSupport
0x0000000124fbe000 	/System/Library/Frameworks/JavaVM.framework/Versions/A/Frameworks/JavaNativeFoundation.framework/Versions/A/JavaNativeFoundation
0x0000000107fef000 	/System/Library/Frameworks/JavaVM.framework/Versions/A/JavaVM
0x000000000a33b000 	/System/Library/Frameworks/Carbon.framework/Versions/A/Carbon
0x0000000124fd3000 	/System/Library/PrivateFrameworks/JavaLaunching.framework/Versions/A/JavaLaunching
0x000000000a33b000 	/System/Library/Frameworks/Carbon.framework/Versions/A/Frameworks/CommonPanels.framework/Versions/A/CommonPanels
0x000000000a33b000 	/System/Library/Frameworks/Carbon.framework/Versions/A/Frameworks/Help.framework/Versions/A/Help
0x000000000a33b000 	/System/Library/Frameworks/Carbon.framework/Versions/A/Frameworks/ImageCapture.framework/Versions/A/ImageCapture
0x000000000a33b000 	/System/Library/Frameworks/Carbon.framework/Versions/A/Frameworks/OpenScripting.framework/Versions/A/OpenScripting
0x000000000a33b000 	/System/Library/Frameworks/Carbon.framework/Versions/A/Frameworks/Print.framework/Versions/A/Print
0x000000000a33b000 	/System/Library/Frameworks/Carbon.framework/Versions/A/Frameworks/SecurityHI.framework/Versions/A/SecurityHI
0x00000001268f4000 	/Library/Internet Plug-Ins/JavaAppletPlugin.plugin/Contents/Home/lib/libawt.dylib
0x000000012699c000 	/Library/Internet Plug-Ins/JavaAppletPlugin.plugin/Contents/Home/lib/./libmlib_image.dylib
0x0000000126a68000 	/Library/Internet Plug-Ins/JavaAppletPlugin.plugin/Contents/Home/lib/libawt_lwawt.dylib
0x0000000126b1d000 	/Library/Internet Plug-Ins/JavaAppletPlugin.plugin/Contents/Home/lib/./libosxapp.dylib
0x000000000a33b000 	/System/Library/Frameworks/ExceptionHandling.framework/Versions/A/ExceptionHandling
0x000000000a33b000 	/System/Library/PrivateFrameworks/CoreServicesInternal.framework/Versions/A/CoreServicesInternal
0x000000000a33b000 	/System/Library/Frameworks/CoreGraphics.framework/Versions/A/Resources/libRIP.A.dylib
0x00000001277f1000 	/System/Library/Frameworks/Accelerate.framework/Frameworks/vImage.framework/Versions/A/Libraries/libCGInterfaces.dylib
0x000000000a33b000 	/System/Library/Frameworks/CoreGraphics.framework/Versions/A/Resources/libCGXType.A.dylib
0x000000000a33b000 	/System/Library/Frameworks/OpenCL.framework/Versions/A/Libraries/libcldcpuengine.dylib
0x000000000a33b000 	/System/Library/PrivateFrameworks/DiskImages.framework/Versions/A/DiskImages
0x000000000a33b000 	/System/Library/Frameworks/DiscRecording.framework/Versions/A/DiscRecording
0x000000000a33b000 	/usr/lib/libcsfde.dylib
0x000000000a33b000 	/usr/lib/libcurl.4.dylib
0x000000000a33b000 	/System/Library/PrivateFrameworks/MediaKit.framework/Versions/A/MediaKit
0x000000000a33b000 	/System/Library/PrivateFrameworks/ProtectedCloudStorage.framework/Versions/A/ProtectedCloudStorage
0x000000000a33b000 	/usr/lib/libCoreStorage.dylib
0x000000000a33b000 	/System/Library/PrivateFrameworks/EFILogin.framework/Versions/A/EFILogin
0x000000000a33b000 	/usr/lib/libutil.dylib
0x000000000a33b000 	/System/Library/PrivateFrameworks/FindMyDevice.framework/Versions/A/FindMyDevice
0x000000000a33b000 	/System/Library/Frameworks/LDAP.framework/Versions/A/LDAP
0x000000000a33b000 	/usr/lib/libsasl2.2.dylib
0x000000000a33b000 	/System/Library/PrivateFrameworks/CoreDaemon.framework/Versions/B/CoreDaemon
0x000000000a33b000 	/usr/lib/libcrypto.0.9.8.dylib
0x000000000a33b000 	/System/Library/PrivateFrameworks/AppleSRP.framework/Versions/A/AppleSRP
0x000000000a33b000 	/System/Library/PrivateFrameworks/TrustEvaluationAgent.framework/Versions/A/TrustEvaluationAgent
0x0000000128526000 	cl_kernels
0x000000000a33b000 	/System/Library/Frameworks/OpenCL.framework/Versions/A/Libraries/ImageFormats/unorm8_bgra.dylib
0x000000000a33b000 	/System/Library/Frameworks/OpenCL.framework/Versions/A/Libraries/ImageFormats/unorm8_rgba.dylib
0x000000000a33b000 	/System/Library/PrivateFrameworks/FamilyControls.framework/Versions/A/FamilyControls
0x000000000a33b000 	/System/Library/PrivateFrameworks/CommerceKit.framework/Versions/A/Frameworks/CommerceCore.framework/Versions/A/CommerceCore
0x000000000a33b000 	/System/Library/PrivateFrameworks/SystemAdministration.framework/Versions/A/SystemAdministration
0x000000000a33b000 	/System/Library/PrivateFrameworks/AppContainer.framework/Versions/A/AppContainer
0x000000000a33b000 	/System/Library/PrivateFrameworks/SecCodeWrapper.framework/Versions/A/SecCodeWrapper
0x000000000a33b000 	/System/Library/Frameworks/DirectoryService.framework/Versions/A/DirectoryService
0x000000000a33b000 	/System/Library/PrivateFrameworks/LoginUIKit.framework/Versions/A/Frameworks/LoginUICore.framework/Versions/A/LoginUICore
0x000000000a33b000 	/usr/lib/libodfde.dylib
0x000000012956e000 	/System/Library/Frameworks/OpenGL.framework/Resources/GLEngine.bundle/GLEngine
0x000000000a33b000 	/System/Library/Frameworks/OpenGL.framework/Versions/A/Libraries/libGLProgrammability.dylib
0x0000000129756000 	/System/Library/Extensions/AppleIntelHD3000GraphicsGLDriver.bundle/Contents/MacOS/AppleIntelHD3000GraphicsGLDriver
0x000000000a33b000 	/System/Library/PrivateFrameworks/GPUSupport.framework/Versions/A/Libraries/libGPUSupport.dylib
0x0000000129bf5000 	/System/Library/Extensions/AMDRadeonX3000GLDriver.bundle/Contents/MacOS/AMDRadeonX3000GLDriver
0x000000000a33b000 	/System/Library/PrivateFrameworks/GPUSupport.framework/Versions/A/Libraries/libGPUSupportMercury.dylib
0x0000000129cd3000 	/System/Library/Extensions/AMDRadeonX3000GLDriver.bundle/Contents/MacOS/ATIRadeonX3000SCLib.dylib
0x0000000129f47000 	/System/Library/Frameworks/OpenGL.framework/Resources//GLRendererFloat.bundle/GLRendererFloat
0x000000012a013000 	/Library/Internet Plug-Ins/JavaAppletPlugin.plugin/Contents/Home/lib/libfontmanager.dylib
0x000000012a07a000 	/Library/Internet Plug-Ins/JavaAppletPlugin.plugin/Contents/Home/lib/libosxui.dylib
0x0000000127177000 	/Library/Internet Plug-Ins/JavaAppletPlugin.plugin/Contents/Home/lib/libnet.dylib
0x00000001271d6000 	/Library/Internet Plug-Ins/JavaAppletPlugin.plugin/Contents/Home/lib/libnio.dylib
0x000000000a33b000 	/System/Library/Frameworks/ApplicationServices.framework/Versions/A/Frameworks/ATS.framework/Versions/A/Resources/libTrueTypeScaler.dylib
0x000000017eae4000 	/Library/Internet Plug-Ins/JavaAppletPlugin.plugin/Contents/Home/lib/libsunec.dylib

VM Arguments:
java_command: /Users/sebastianszemer/NetBeansProjects/jTwitchBot/dist/jTwitchBot.jar
java_class_path (initial): /Users/sebastianszemer/NetBeansProjects/jTwitchBot/dist/jTwitchBot.jar
Launcher Type: SUN_STANDARD

Environment Variables:
PATH=/usr/bin:/bin:/usr/sbin:/sbin
SHELL=/bin/bash

Signal Handlers:
SIGSEGV: [libjvm.dylib+0x5a65d5], sa_mask[0]=11111111011111110111111111111111, sa_flags=SA_ONSTACK|SA_RESTART|SA_SIGINFO
SIGBUS: [libjvm.dylib+0x5a65d5], sa_mask[0]=11111111011111110111111111111111, sa_flags=SA_RESTART|SA_SIGINFO
SIGFPE: [libjvm.dylib+0x4802e8], sa_mask[0]=11111111011111110111111111111111, sa_flags=SA_RESTART|SA_SIGINFO
SIGPIPE: [libjvm.dylib+0x4802e8], sa_mask[0]=11111111011111110111111111111111, sa_flags=SA_RESTART|SA_SIGINFO
SIGXFSZ: [libjvm.dylib+0x4802e8], sa_mask[0]=11111111011111110111111111111111, sa_flags=SA_RESTART|SA_SIGINFO
SIGILL: [libjvm.dylib+0x4802e8], sa_mask[0]=11111111011111110111111111111111, sa_flags=SA_RESTART|SA_SIGINFO
SIGUSR1: SIG_DFL, sa_mask[0]=00000000000000000000000000000000, sa_flags=none
SIGUSR2: [libjvm.dylib+0x47fe06], sa_mask[0]=00000000000000000000000000000000, sa_flags=SA_RESTART|SA_SIGINFO
SIGHUP: [libjvm.dylib+0x47e3dd], sa_mask[0]=11111111011111110111111111111111, sa_flags=SA_RESTART|SA_SIGINFO
SIGINT: [libjvm.dylib+0x47e3dd], sa_mask[0]=11111111011111110111111111111111, sa_flags=SA_RESTART|SA_SIGINFO
SIGTERM: [libjvm.dylib+0x47e3dd], sa_mask[0]=11111111011111110111111111111111, sa_flags=SA_RESTART|SA_SIGINFO
SIGQUIT: [libjvm.dylib+0x47e3dd], sa_mask[0]=11111111011111110111111111111111, sa_flags=SA_RESTART|SA_SIGINFO


---------------  S Y S T E M  ---------------

OS:Bsduname:Darwin 15.3.0 Darwin Kernel Version 15.3.0: Thu Dec 10 18:40:58 PST 2015; root:xnu-3248.30.4~1/RELEASE_X86_64 x86_64
rlimit: STACK 8192k, CORE 0k, NPROC 709, NOFILE 10240, AS infinity
load average:2.31 2.14 2.11

CPU:total 8 (4 cores per cpu, 2 threads per core) family 6 model 42 stepping 7, cmov, cx8, fxsr, mmx, sse, sse2, sse3, ssse3, sse4.1, sse4.2, popcnt, avx, aes, clmul, ht, tsc, tscinvbit

Memory: 4k page, physical 16777216k(2691116k free)

/proc/meminfo:


vm_info: Java HotSpot(TM) 64-Bit Server VM (25.66-b17) for bsd-amd64 JRE (1.8.0_66-b17), built on Oct  6 2015 16:09:13 by "java_re" with gcc 4.2.1 (Based on Apple Inc. build 5658) (LLVM build 2336.11.00)

time: Sat Jan 30 09:21:54 2016
elapsed time: 151117 seconds (1d 17h 58m 37s)

