#
# A fatal error has been detected by the Java Runtime Environment:
#
#  SIGSEGV (0xb) at pc=0x0000000120a6ad67, pid=2254, tid=53039
#
# JRE version: Java(TM) SE Runtime Environment (8.0_51-b16) (build 1.8.0_51-b16)
# Java VM: Java HotSpot(TM) 64-Bit Server VM (25.51-b03 mixed mode bsd-amd64 compressed oops)
# Problematic frame:
# C  [libawt_lwawt.dylib+0x1ad67]  OGLSD_SetScratchSurface+0x49
#
# Failed to write core dump. Core dumps have been disabled. To enable core dumping, try "ulimit -c unlimited" before starting Java again
#
# If you would like to submit a bug report, please visit:
#   http://bugreport.java.com/bugreport/crash.jsp
# The crash happened outside the Java Virtual Machine in native code.
# See problematic frame for where to report the bug.
#

---------------  T H R E A D  ---------------

Current thread (0x00007fcf49890000):  JavaThread "Java2D Queue Flusher" daemon [_thread_in_native, id=53039, stack(0x00007000019f1000,0x0000700001af1000)]

siginfo: si_signo: 11 (SIGSEGV), si_code: 1 (SEGV_MAPERR), si_addr: 0x0000000000000070

Registers:
RAX=0x00000000ffffffff, RBX=0x0000000000000070, RCX=0x0000000000000047, RDX=0x0000000120a8b6cc
RSP=0x0000700001af07a0, RBP=0x0000700001af07c0, RSI=0x00007fcf4c004ca0, RDI=0x00007fcf498901f8
R8 =0x000000000000039f, R9 =0x00007fcf4943d440, R10=0x00000001041022f8, R11=0x00000000d802550b
R12=0x0000000000000000, R13=0x00000006c013bcc8, R14=0x00007fcf498901f8, R15=0x00007fcf49890000
RIP=0x0000000120a6ad67, EFLAGS=0x0000000000010202, ERR=0x0000000000000004
  TRAPNO=0x000000000000000e

Top of Stack: (sp=0x0000700001af07a0)
0x0000700001af07a0:   00007fcf4c004ca0 0000000000000000
0x0000700001af07b0:   00007fcf4b8aa210 00007fcf49890000
0x0000700001af07c0:   0000700001af0840 0000000120a8b1aa
0x0000700001af07d0:   0000000001af0908 000000012c38ea78
0x0000700001af07e0:   0000000000000000 00000006c013d650
0x0000700001af07f0:   0000700001af0810 0000000000000064
0x0000700001af0800:   00007fcf4b010408 00007fcf4b8aa220
0x0000700001af0810:   00007fcf00890000 00007fcf498901f8
0x0000700001af0820:   000000012c38ea78 0000000000000000
0x0000700001af0830:   0000700001af0908 00007fcf49890000
0x0000700001af0840:   0000700001af0890 000000010410236a
0x0000700001af0850:   00000006c012a858 000000010214aa3b
0x0000700001af0860:   0000000000000005 00007fcf49890000
0x0000700001af0870:   00000006c013bc01 00007fcf4943db50
0x0000700001af0880:   0000700001af0800 00007fcf49890000
0x0000700001af0890:   00000006c013bcc8 00000001049e073c
0x0000700001af08a0:   0000700001af0908 00007fcf49890000
0x0000700001af08b0:   0000700001af0900 00000001042a3da8
0x0000700001af08c0:   00000006c013bcc8 0000700001af0908
0x0000700001af08d0:   0000000124a40790 0000000000000000
0x0000700001af08e0:   0000000124a40720 0000000000000000
0x0000700001af08f0:   00000006c012a858 00000006c013d650
0x0000700001af0900:   00000006c013bcc8 00000001048efbec
0x0000700001af0910:   000000011cdbf300 00000006c013bcc8
0x0000700001af0920:   0000000000000000 0000000000000000
0x0000700001af0930:   0000700001af0960 0000700001af09d0
0x0000700001af0940:   0000000000000001 0000000000000000
0x0000700001af0950:   0000700001af09d0 00000001040007a7
0x0000700001af0960:   00000006c1aaa2a0 00000006c1aaa2a0
0x0000700001af0970:   0000700000001fa0 000000000000000a
0x0000700001af0980:   00007fcf49890000 0000000000000001
0x0000700001af0990:   000000010400071f 000000011cd6c438 

Instructions: (pc=0x0000000120a6ad67)
0x0000000120a6ad47:   c0 e9 82 00 00 00 48 8b 5e 10 48 85 db 75 0e bf
0x0000000120a6ad57:   01 00 00 00 48 8d 15 d8 76 03 00 eb d6 49 89 fe
0x0000000120a6ad67:   4c 8b 3b 30 c0 e8 5f a3 02 00 49 8b 3f 49 89 c4
0x0000000120a6ad77:   48 8b 35 ca f7 05 00 30 c0 e8 5f a4 02 00 48 85 

Register to memory mapping:

RAX=0x00000000ffffffff is an unknown value
RBX=0x0000000000000070 is an unknown value
RCX=0x0000000000000047 is an unknown value
RDX=0x0000000120a8b6cc: Java_sun_java2d_opengl_OGLRenderQueue_flushBuffer+0xb5c in /Library/Java/JavaVirtualMachines/jdk1.8.0_51.jdk/Contents/Home/jre/lib/libawt_lwawt.dylib at 0x0000000120a50000
RSP=0x0000700001af07a0 is pointing into the stack for thread: 0x00007fcf49890000
RBP=0x0000700001af07c0 is pointing into the stack for thread: 0x00007fcf49890000
RSI=0x00007fcf4c004ca0 is an unknown value
RDI=0x00007fcf498901f8 is an unknown value
R8 =0x000000000000039f is an unknown value
R9 =0x00007fcf4943d440 is an unknown value
R10=0x00000001041022f8 is at entry_point+56 in (nmethod*)0x0000000104102150
R11=0x00000000d802550b is an unknown value
R12=0x0000000000000000 is an unknown value
R13=0x00000006c013bcc8 is an oop
sun.java2d.opengl.OGLRenderQueue$QueueFlusher 
 - klass: 'sun/java2d/opengl/OGLRenderQueue$QueueFlusher'
R14=0x00007fcf498901f8 is an unknown value
R15=0x00007fcf49890000 is a thread


Stack: [0x00007000019f1000,0x0000700001af1000],  sp=0x0000700001af07a0,  free space=1021k
Native frames: (J=compiled Java code, j=interpreted, Vv=VM code, C=native code)
C  [libawt_lwawt.dylib+0x1ad67]  OGLSD_SetScratchSurface+0x49
C  [libawt_lwawt.dylib+0x3b1aa]  Java_sun_java2d_opengl_OGLRenderQueue_flushBuffer+0x63a
J 1418  sun.java2d.opengl.OGLRenderQueue.flushBuffer(JI)V (0 bytes) @ 0x000000010410236a [0x00000001041022c0+0xaa]
J 3575 C1 sun.java2d.opengl.OGLRenderQueue.flushBuffer()V (41 bytes) @ 0x00000001049e073c [0x00000001049e04e0+0x25c]

Java frames: (J=compiled Java code, j=interpreted, Vv=VM code)
J 1418  sun.java2d.opengl.OGLRenderQueue.flushBuffer(JI)V (0 bytes) @ 0x00000001041022f8 [0x00000001041022c0+0x38]
J 3575 C1 sun.java2d.opengl.OGLRenderQueue.flushBuffer()V (41 bytes) @ 0x00000001049e073c [0x00000001049e04e0+0x25c]
J 4766% C2 sun.java2d.opengl.OGLRenderQueue$QueueFlusher.run()V (234 bytes) @ 0x00000001048efbec [0x00000001048ef900+0x2ec]
v  ~StubRoutines::call_stub

---------------  P R O C E S S  ---------------

Java Threads: ( => current thread )
  0x00007fcf4dad5800 JavaThread "class org.jibble.pircbot.InputThread-Thread" [_thread_in_native, id=67411, stack(0x00007000016df000,0x00007000017df000)]
  0x00007fcf4da02000 JavaThread "class org.jibble.pircbot.OutputThread-Thread" [_thread_blocked, id=72195, stack(0x0000700002595000,0x0000700002695000)]
  0x00007fcf4da01000 JavaThread "Thread-5" [_thread_blocked, id=71171, stack(0x000070000238f000,0x000070000248f000)]
  0x00007fcf4da00800 JavaThread "Thread-4" [_thread_in_native, id=70659, stack(0x000070000228c000,0x000070000238c000)]
  0x00007fcf4b070800 JavaThread "Thread-3" [_thread_blocked, id=33803, stack(0x0000700002189000,0x0000700002289000)]
  0x00007fcf4d20c000 JavaThread "Thread-2" [_thread_blocked, id=42251, stack(0x0000700002086000,0x0000700002186000)]
  0x00007fcf4a0a8000 JavaThread "Thread-1" [_thread_in_native, id=26639, stack(0x0000700001f83000,0x0000700002083000)]
  0x00007fcf4998c000 JavaThread "Thread-0" [_thread_blocked, id=30135, stack(0x0000700001e80000,0x0000700001f80000)]
  0x00007fcf4b94d000 JavaThread "TimerQueue" daemon [_thread_blocked, id=66047, stack(0x0000700001d7d000,0x0000700001e7d000)]
  0x00007fcf4b8f2000 JavaThread "DestroyJavaVM" [_thread_blocked, id=4099, stack(0x0000700000084000,0x0000700000184000)]
  0x00007fcf4d92e800 JavaThread "AWT-EventQueue-0" [_thread_blocked, id=58659, stack(0x0000700001bf7000,0x0000700001cf7000)]
  0x00007fcf4b05f000 JavaThread "Java2D Disposer" daemon [_thread_blocked, id=57603, stack(0x0000700001af4000,0x0000700001bf4000)]
=>0x00007fcf49890000 JavaThread "Java2D Queue Flusher" daemon [_thread_in_native, id=53039, stack(0x00007000019f1000,0x0000700001af1000)]
  0x00007fcf4c82a800 JavaThread "AWT-Shutdown" [_thread_blocked, id=31507, stack(0x00007000015dc000,0x00007000016dc000)]
  0x00007fcf49832800 JavaThread "AppKit Thread" daemon [_thread_in_native, id=2571, stack(0x00007fff5d86b000,0x00007fff5e06b000)]
  0x00007fcf4d001000 JavaThread "Service Thread" daemon [_thread_blocked, id=20995, stack(0x0000700001353000,0x0000700001453000)]
  0x00007fcf4c81f800 JavaThread "C1 CompilerThread3" daemon [_thread_blocked, id=20483, stack(0x0000700001250000,0x0000700001350000)]
  0x00007fcf4d80f000 JavaThread "C2 CompilerThread2" daemon [_thread_blocked, id=19971, stack(0x000070000114d000,0x000070000124d000)]
  0x00007fcf4b819000 JavaThread "C2 CompilerThread1" daemon [_thread_blocked, id=19459, stack(0x000070000104a000,0x000070000114a000)]
  0x00007fcf4c81e800 JavaThread "C2 CompilerThread0" daemon [_thread_blocked, id=18947, stack(0x0000700000f47000,0x0000700001047000)]
  0x00007fcf4c801800 JavaThread "Signal Dispatcher" daemon [_thread_blocked, id=15375, stack(0x0000700000e44000,0x0000700000f44000)]
  0x00007fcf4b012000 JavaThread "Finalizer" daemon [_thread_blocked, id=14339, stack(0x0000700000c3b000,0x0000700000d3b000)]
  0x00007fcf4c81d000 JavaThread "Reference Handler" daemon [_thread_blocked, id=13827, stack(0x0000700000b38000,0x0000700000c38000)]

Other Threads:
  0x00007fcf4d00d000 VMThread [stack: 0x0000700000a35000,0x0000700000b35000] [id=13315]
  0x00007fcf4b01f000 WatcherThread [stack: 0x0000700001456000,0x0000700001556000] [id=21507]

VM state:not at safepoint (normal execution)

VM Mutex/Monitor currently owned by a thread: None

Heap:
 PSYoungGen      total 27136K, used 414K [0x000000076ab00000, 0x000000076cb80000, 0x00000007c0000000)
  eden space 22016K, 1% used [0x000000076ab00000,0x000000076ab67908,0x000000076c080000)
  from space 5120K, 0% used [0x000000076c080000,0x000000076c080000,0x000000076c580000)
  to   space 5632K, 0% used [0x000000076c600000,0x000000076c600000,0x000000076cb80000)
 ParOldGen       total 105472K, used 42704K [0x00000006c0000000, 0x00000006c6700000, 0x000000076ab00000)
  object space 105472K, 40% used [0x00000006c0000000,0x00000006c29b40b8,0x00000006c6700000)
 Metaspace       used 22164K, capacity 22502K, committed 22960K, reserved 1069056K
  class space    used 2445K, capacity 2531K, committed 2560K, reserved 1048576K

Card table byte_map: [0x00000001133c0000,0x0000000113bc1000] byte_map_base: 0x000000010fdc0000

Marking Bits: (ParMarkBitMap*) 0x00000001026d37a0
 Begin Bits: [0x0000000114117000, 0x0000000118117000)
 End Bits:   [0x0000000118117000, 0x000000011c117000)

Polling page: 0x0000000102e78000

CodeCache: size=245760Kb used=15551Kb max_used=15561Kb free=230208Kb
 bounds [0x0000000104000000, 0x0000000104f50000, 0x0000000113000000]
 total_blobs=4972 nmethods=4374 adapters=509
 compilation: enabled

Compilation events (10 events):
Event: 101865.283 Thread 0x00007fcf4d80f000 5716       4       sun.java2d.SunGraphics2D::setColor (108 bytes)
Event: 101865.286 Thread 0x00007fcf4d80f000 nmethod 5716 0x0000000104f4b850 code [0x0000000104f4b9c0, 0x0000000104f4bc38]
Event: 101865.784 Thread 0x00007fcf4c81f800 5717       3       java.awt.BorderLayout::getChild (152 bytes)
Event: 101865.785 Thread 0x00007fcf4c81f800 nmethod 5717 0x0000000104f25210 code [0x0000000104f253a0, 0x0000000104f25930]
Event: 101867.086 Thread 0x00007fcf4c81e800 5718       4       sun.java2d.SunGraphics2D::setFont (105 bytes)
Event: 101867.088 Thread 0x00007fcf4c81e800 nmethod 5718 0x0000000104f23a50 code [0x0000000104f23ba0, 0x0000000104f23c78]
Event: 101867.283 Thread 0x00007fcf4b819000 5719       4       java.util.LinkedList::add (7 bytes)
Event: 101867.285 Thread 0x00007fcf4b819000 nmethod 5719 0x0000000104f23710 code [0x0000000104f23860, 0x0000000104f239b8]
Event: 101871.015 Thread 0x00007fcf4c81f800 5720       3       sun.lwawt.LWKeyboardFocusManagerPeer::getInstance (4 bytes)
Event: 101871.015 Thread 0x00007fcf4c81f800 nmethod 5720 0x0000000104f23410 code [0x0000000104f23560, 0x0000000104f23690]

GC Heap History (10 events):
Event: 101581.947 GC heap before
{Heap before GC invocations=772 (full 2):
 PSYoungGen      total 27136K, used 26663K [0x000000076ab00000, 0x000000076c900000, 0x00000007c0000000)
  eden space 23552K, 100% used [0x000000076ab00000,0x000000076c200000,0x000000076c200000)
  from space 3584K, 86% used [0x000000076c200000,0x000000076c509f30,0x000000076c580000)
  to   space 3584K, 0% used [0x000000076c580000,0x000000076c580000,0x000000076c900000)
 ParOldGen       total 122368K, used 109725K [0x00000006c0000000, 0x00000006c7780000, 0x000000076ab00000)
  object space 122368K, 89% used [0x00000006c0000000,0x00000006c6b27790,0x00000006c7780000)
 Metaspace       used 21784K, capacity 22092K, committed 22448K, reserved 1069056K
  class space    used 2395K, capacity 2500K, committed 2560K, reserved 1048576K
Event: 101581.949 GC heap after
Heap after GC invocations=772 (full 2):
 PSYoungGen      total 27136K, used 2639K [0x000000076ab00000, 0x000000076c900000, 0x00000007c0000000)
  eden space 23552K, 0% used [0x000000076ab00000,0x000000076ab00000,0x000000076c200000)
  from space 3584K, 73% used [0x000000076c580000,0x000000076c813c00,0x000000076c900000)
  to   space 3584K, 0% used [0x000000076c200000,0x000000076c200000,0x000000076c580000)
 ParOldGen       total 122368K, used 109839K [0x00000006c0000000, 0x00000006c7780000, 0x000000076ab00000)
  object space 122368K, 89% used [0x00000006c0000000,0x00000006c6b43c20,0x00000006c7780000)
 Metaspace       used 21784K, capacity 22092K, committed 22448K, reserved 1069056K
  class space    used 2395K, capacity 2500K, committed 2560K, reserved 1048576K
}
Event: 101692.980 GC heap before
{Heap before GC invocations=773 (full 2):
 PSYoungGen      total 27136K, used 26191K [0x000000076ab00000, 0x000000076c900000, 0x00000007c0000000)
  eden space 23552K, 100% used [0x000000076ab00000,0x000000076c200000,0x000000076c200000)
  from space 3584K, 73% used [0x000000076c580000,0x000000076c813c00,0x000000076c900000)
  to   space 3584K, 0% used [0x000000076c200000,0x000000076c200000,0x000000076c580000)
 ParOldGen       total 122368K, used 109839K [0x00000006c0000000, 0x00000006c7780000, 0x000000076ab00000)
  object space 122368K, 89% used [0x00000006c0000000,0x00000006c6b43c20,0x00000006c7780000)
 Metaspace       used 21784K, capacity 22092K, committed 22448K, reserved 1069056K
  class space    used 2395K, capacity 2500K, committed 2560K, reserved 1048576K
Event: 101692.983 GC heap after
Heap after GC invocations=773 (full 2):
 PSYoungGen      total 27136K, used 3175K [0x000000076ab00000, 0x000000076c900000, 0x00000007c0000000)
  eden space 23552K, 0% used [0x000000076ab00000,0x000000076ab00000,0x000000076c200000)
  from space 3584K, 88% used [0x000000076c200000,0x000000076c519d70,0x000000076c580000)
  to   space 3584K, 0% used [0x000000076c580000,0x000000076c580000,0x000000076c900000)
 ParOldGen       total 122368K, used 109928K [0x00000006c0000000, 0x00000006c7780000, 0x000000076ab00000)
  object space 122368K, 89% used [0x00000006c0000000,0x00000006c6b5a090,0x00000006c7780000)
 Metaspace       used 21784K, capacity 22092K, committed 22448K, reserved 1069056K
  class space    used 2395K, capacity 2500K, committed 2560K, reserved 1048576K
}
Event: 101786.037 GC heap before
{Heap before GC invocations=774 (full 2):
 PSYoungGen      total 27136K, used 26727K [0x000000076ab00000, 0x000000076c900000, 0x00000007c0000000)
  eden space 23552K, 100% used [0x000000076ab00000,0x000000076c200000,0x000000076c200000)
  from space 3584K, 88% used [0x000000076c200000,0x000000076c519d70,0x000000076c580000)
  to   space 3584K, 0% used [0x000000076c580000,0x000000076c580000,0x000000076c900000)
 ParOldGen       total 122368K, used 109928K [0x00000006c0000000, 0x00000006c7780000, 0x000000076ab00000)
  object space 122368K, 89% used [0x00000006c0000000,0x00000006c6b5a090,0x00000006c7780000)
 Metaspace       used 21812K, capacity 22156K, committed 22448K, reserved 1069056K
  class space    used 2395K, capacity 2500K, committed 2560K, reserved 1048576K
Event: 101786.042 GC heap after
Heap after GC invocations=774 (full 2):
 PSYoungGen      total 25600K, used 3574K [0x000000076ab00000, 0x000000076cc00000, 0x00000007c0000000)
  eden space 22016K, 0% used [0x000000076ab00000,0x000000076ab00000,0x000000076c080000)
  from space 3584K, 99% used [0x000000076c580000,0x000000076c8fdbc8,0x000000076c900000)
  to   space 5120K, 0% used [0x000000076c080000,0x000000076c080000,0x000000076c580000)
 ParOldGen       total 122368K, used 113944K [0x00000006c0000000, 0x00000006c7780000, 0x000000076ab00000)
  object space 122368K, 93% used [0x00000006c0000000,0x00000006c6f46138,0x00000006c7780000)
 Metaspace       used 21812K, capacity 22156K, committed 22448K, reserved 1069056K
  class space    used 2395K, capacity 2500K, committed 2560K, reserved 1048576K
}
Event: 101881.526 GC heap before
{Heap before GC invocations=775 (full 2):
 PSYoungGen      total 25600K, used 25590K [0x000000076ab00000, 0x000000076cc00000, 0x00000007c0000000)
  eden space 22016K, 100% used [0x000000076ab00000,0x000000076c080000,0x000000076c080000)
  from space 3584K, 99% used [0x000000076c580000,0x000000076c8fdbc8,0x000000076c900000)
  to   space 5120K, 0% used [0x000000076c080000,0x000000076c080000,0x000000076c580000)
 ParOldGen       total 122368K, used 113944K [0x00000006c0000000, 0x00000006c7780000, 0x000000076ab00000)
  object space 122368K, 93% used [0x00000006c0000000,0x00000006c6f46138,0x00000006c7780000)
 Metaspace       used 22167K, capacity 22508K, committed 22960K, reserved 1069056K
  class space    used 2445K, capacity 2532K, committed 2560K, reserved 1048576K
Event: 101881.533 GC heap after
Heap after GC invocations=775 (full 2):
 PSYoungGen      total 27136K, used 4643K [0x000000076ab00000, 0x000000076cb80000, 0x00000007c0000000)
  eden space 22016K, 0% used [0x000000076ab00000,0x000000076ab00000,0x000000076c080000)
  from space 5120K, 90% used [0x000000076c080000,0x000000076c508fb0,0x000000076c580000)
  to   space 5632K, 0% used [0x000000076c600000,0x000000076c600000,0x000000076cb80000)
 ParOldGen       total 122368K, used 119115K [0x00000006c0000000, 0x00000006c7780000, 0x000000076ab00000)
  object space 122368K, 97% used [0x00000006c0000000,0x00000006c7452d78,0x00000006c7780000)
 Metaspace       used 22167K, capacity 22508K, committed 22960K, reserved 1069056K
  class space    used 2445K, capacity 2532K, committed 2560K, reserved 1048576K
}
Event: 101881.533 GC heap before
{Heap before GC invocations=776 (full 3):
 PSYoungGen      total 27136K, used 4643K [0x000000076ab00000, 0x000000076cb80000, 0x00000007c0000000)
  eden space 22016K, 0% used [0x000000076ab00000,0x000000076ab00000,0x000000076c080000)
  from space 5120K, 90% used [0x000000076c080000,0x000000076c508fb0,0x000000076c580000)
  to   space 5632K, 0% used [0x000000076c600000,0x000000076c600000,0x000000076cb80000)
 ParOldGen       total 122368K, used 119115K [0x00000006c0000000, 0x00000006c7780000, 0x000000076ab00000)
  object space 122368K, 97% used [0x00000006c0000000,0x00000006c7452d78,0x00000006c7780000)
 Metaspace       used 22167K, capacity 22508K, committed 22960K, reserved 1069056K
  class space    used 2445K, capacity 2532K, committed 2560K, reserved 1048576K
Event: 101881.682 GC heap after
Heap after GC invocations=776 (full 3):
 PSYoungGen      total 27136K, used 0K [0x000000076ab00000, 0x000000076cb80000, 0x00000007c0000000)
  eden space 22016K, 0% used [0x000000076ab00000,0x000000076ab00000,0x000000076c080000)
  from space 5120K, 0% used [0x000000076c080000,0x000000076c080000,0x000000076c580000)
  to   space 5632K, 0% used [0x000000076c600000,0x000000076c600000,0x000000076cb80000)
 ParOldGen       total 105472K, used 42704K [0x00000006c0000000, 0x00000006c6700000, 0x000000076ab00000)
  object space 105472K, 40% used [0x00000006c0000000,0x00000006c29b40b8,0x00000006c6700000)
 Metaspace       used 22163K, capacity 22502K, committed 22960K, reserved 1069056K
  class space    used 2445K, capacity 2531K, committed 2560K, reserved 1048576K
}

Deoptimization events (10 events):
Event: 101854.515 Thread 0x00007fcf4d92e800 Uncommon trap: reason=unstable_if action=reinterpret pc=0x0000000104925238 method=sun.lwawt.LWWindowPeer.getBlocker()Lsun/lwawt/LWWindowPeer; @ 12
Event: 101854.515 Thread 0x00007fcf4d92e800 Uncommon trap: reason=unstable_if action=reinterpret pc=0x00000001046d9800 method=sun.lwawt.LWWindowPeer.getBlocker()Lsun/lwawt/LWWindowPeer; @ 12
Event: 101855.398 Thread 0x00007fcf4d92e800 Uncommon trap: reason=unstable_if action=reinterpret pc=0x0000000104ea7688 method=java.awt.EventDispatchThread.pumpOneEventForFilters(I)V @ 132
Event: 101858.439 Thread 0x00007fcf4d92e800 Uncommon trap: reason=unstable_if action=reinterpret pc=0x00000001044910b0 method=java.security.AccessController.getContext()Ljava/security/AccessControlContext; @ 5
Event: 101858.453 Thread 0x00007fcf4d92e800 Uncommon trap: reason=unstable_if action=reinterpret pc=0x00000001046d19e0 method=java.awt.EventQueue.uncacheEQItem(Lsun/awt/EventQueueItem;)V @ 23
Event: 101859.529 Thread 0x00007fcf49832800 Uncommon trap: reason=unstable_if action=reinterpret pc=0x0000000104e473f4 method=sun.lwawt.LWWindowPeer.notifyMouseEvent(IJIIIIIIIZ[B)V @ 509
Event: 101860.187 Thread 0x00007fcf4d92e800 Uncommon trap: reason=bimorphic action=maybe_recompile pc=0x00000001044d97b4 method=java.util.regex.Pattern$Start.match(Ljava/util/regex/Matcher;ILjava/lang/CharSequence;)Z @ 44
Event: 101860.187 Thread 0x00007fcf4d92e800 Uncommon trap: reason=bimorphic action=maybe_recompile pc=0x00000001044d97b4 method=java.util.regex.Pattern$Start.match(Ljava/util/regex/Matcher;ILjava/lang/CharSequence;)Z @ 44
Event: 101865.646 Thread 0x00007fcf4d92e800 Uncommon trap: reason=unstable_if action=reinterpret pc=0x000000010492fdb8 method=java.util.WeakHashMap.get(Ljava/lang/Object;)Ljava/lang/Object; @ 44
Event: 101867.079 Thread 0x00007fcf49832800 Uncommon trap: reason=unstable_if action=reinterpret pc=0x0000000104cd4cac method=sun.java2d.pipe.Region.contains(II)Z @ 13

Internal exceptions (10 events):
Event: 64696.315 Thread 0x00007fcf4dad5800 Implicit null exception at 0x00000001047d7edc to 0x00000001047d8341
Event: 64696.315 Thread 0x00007fcf4dad5800 Implicit null exception at 0x00000001048d11b9 to 0x00000001048d1c8d
Event: 64696.317 Thread 0x00007fcf4dad5800 Implicit null exception at 0x00000001048e2316 to 0x00000001048e2625
Event: 64696.318 Thread 0x00007fcf4dad5800 Implicit null exception at 0x000000010489eeaa to 0x000000010489f231
Event: 64696.694 Thread 0x00007fcf4dad5800 Exception <a 'java/lang/NullPointerException'> (0x000000076bbf05e0) thrown at [/Users/java_re/workspace/8-2-build-macosx-x86_64/jdk8u51/3951/hotspot/src/share/vm/interpreter/linkResolver.cpp, line 1178]
Event: 64696.707 Thread 0x00007fcf4dad5800 Implicit null exception at 0x00000001047a674c to 0x00000001047a67a1
Event: 64696.929 Thread 0x00007fcf4dad5800 Exception <a 'java/lang/NullPointerException'> (0x000000076bcbe8f0) thrown at [/Users/java_re/workspace/8-2-build-macosx-x86_64/jdk8u51/3951/hotspot/src/share/vm/interpreter/linkResolver.cpp, line 1178]
Event: 101854.427 Thread 0x00007fcf4d92e800 Implicit null exception at 0x000000010496996f to 0x00000001049699e1
Event: 101854.442 Thread 0x00007fcf4d92e800 Implicit null exception at 0x00000001047afdc7 to 0x00000001047b01f3
Event: 101858.439 Thread 0x00007fcf4d92e800 Implicit null exception at 0x0000000104490d11 to 0x000000010449109b

Events (10 events):
Event: 101872.162 Thread 0x00007fcf5283e000 Thread exited: 0x00007fcf5283e000
Event: 101875.881 Executing VM operation: RevokeBias
Event: 101875.882 Executing VM operation: RevokeBias done
Event: 101880.883 Executing VM operation: RevokeBias
Event: 101880.883 Executing VM operation: RevokeBias done
Event: 101880.883 Executing VM operation: RevokeBias
Event: 101880.884 Executing VM operation: RevokeBias done
Event: 101880.884 Thread 0x00007fcf53dce000 Thread exited: 0x00007fcf53dce000
Event: 101881.526 Executing VM operation: ParallelGCFailedAllocation
Event: 101881.682 Executing VM operation: ParallelGCFailedAllocation done


Dynamic libraries:
0x000000000587a000 	/System/Library/Frameworks/Cocoa.framework/Versions/A/Cocoa
0x000000000587a000 	/System/Library/Frameworks/Security.framework/Versions/A/Security
0x000000000587a000 	/System/Library/Frameworks/ApplicationServices.framework/Versions/A/ApplicationServices
0x000000000587a000 	/usr/lib/libz.1.dylib
0x000000000587a000 	/usr/lib/libSystem.B.dylib
0x000000000587a000 	/usr/lib/libobjc.A.dylib
0x000000000587a000 	/System/Library/Frameworks/CoreFoundation.framework/Versions/A/CoreFoundation
0x000000000587a000 	/System/Library/Frameworks/Foundation.framework/Versions/C/Foundation
0x000000000587a000 	/System/Library/Frameworks/AppKit.framework/Versions/C/AppKit
0x000000000587a000 	/System/Library/Frameworks/CoreData.framework/Versions/A/CoreData
0x000000000587a000 	/System/Library/PrivateFrameworks/RemoteViewServices.framework/Versions/A/RemoteViewServices
0x000000000587a000 	/System/Library/PrivateFrameworks/UIFoundation.framework/Versions/A/UIFoundation
0x000000000587a000 	/usr/lib/libScreenReader.dylib
0x000000000587a000 	/System/Library/Frameworks/Accelerate.framework/Versions/A/Accelerate
0x000000000587a000 	/System/Library/Frameworks/IOSurface.framework/Versions/A/IOSurface
0x000000000587a000 	/System/Library/Frameworks/AudioToolbox.framework/Versions/A/AudioToolbox
0x000000000587a000 	/System/Library/Frameworks/AudioUnit.framework/Versions/A/AudioUnit
0x000000000587a000 	/System/Library/PrivateFrameworks/DataDetectorsCore.framework/Versions/A/DataDetectorsCore
0x000000000587a000 	/System/Library/PrivateFrameworks/DesktopServicesPriv.framework/Versions/A/DesktopServicesPriv
0x000000000587a000 	/System/Library/Frameworks/Carbon.framework/Versions/A/Frameworks/HIToolbox.framework/Versions/A/HIToolbox
0x000000000587a000 	/System/Library/Frameworks/QuartzCore.framework/Versions/A/QuartzCore
0x000000000587a000 	/System/Library/Frameworks/Carbon.framework/Versions/A/Frameworks/SpeechRecognition.framework/Versions/A/SpeechRecognition
0x000000000587a000 	/usr/lib/libauto.dylib
0x000000000587a000 	/usr/lib/libicucore.A.dylib
0x000000000587a000 	/usr/lib/libxml2.2.dylib
0x000000000587a000 	/System/Library/PrivateFrameworks/CoreUI.framework/Versions/A/CoreUI
0x000000000587a000 	/System/Library/Frameworks/CoreAudio.framework/Versions/A/CoreAudio
0x000000000587a000 	/System/Library/Frameworks/DiskArbitration.framework/Versions/A/DiskArbitration
0x000000000587a000 	/usr/lib/liblangid.dylib
0x000000000587a000 	/System/Library/PrivateFrameworks/MultitouchSupport.framework/Versions/A/MultitouchSupport
0x000000000587a000 	/System/Library/Frameworks/IOKit.framework/Versions/A/IOKit
0x000000000587a000 	/usr/lib/libDiagnosticMessagesClient.dylib
0x000000000587a000 	/System/Library/Frameworks/CoreServices.framework/Versions/A/CoreServices
0x000000000587a000 	/System/Library/PrivateFrameworks/PerformanceAnalysis.framework/Versions/A/PerformanceAnalysis
0x000000000587a000 	/System/Library/PrivateFrameworks/GenerationalStorage.framework/Versions/A/GenerationalStorage
0x000000000587a000 	/System/Library/Frameworks/OpenGL.framework/Versions/A/OpenGL
0x000000000587a000 	/System/Library/PrivateFrameworks/Sharing.framework/Versions/A/Sharing
0x000000000587a000 	/System/Library/Frameworks/CoreGraphics.framework/Versions/A/CoreGraphics
0x000000000587a000 	/System/Library/Frameworks/CoreImage.framework/Versions/A/CoreImage
0x000000000587a000 	/System/Library/Frameworks/CoreText.framework/Versions/A/CoreText
0x000000000587a000 	/System/Library/Frameworks/ImageIO.framework/Versions/A/ImageIO
0x000000000587a000 	/System/Library/PrivateFrameworks/Backup.framework/Versions/A/Backup
0x000000000587a000 	/usr/lib/libextension.dylib
0x000000000587a000 	/usr/lib/libarchive.2.dylib
0x000000000587a000 	/System/Library/Frameworks/CFNetwork.framework/Versions/A/CFNetwork
0x000000000587a000 	/System/Library/Frameworks/SystemConfiguration.framework/Versions/A/SystemConfiguration
0x000000000587a000 	/usr/lib/libCRFSuite.dylib
0x000000000587a000 	/usr/lib/libc++.1.dylib
0x000000000587a000 	/usr/lib/libc++abi.dylib
0x000000000587a000 	/usr/lib/system/libcache.dylib
0x000000000587a000 	/usr/lib/system/libcommonCrypto.dylib
0x000000000587a000 	/usr/lib/system/libcompiler_rt.dylib
0x000000000587a000 	/usr/lib/system/libcopyfile.dylib
0x000000000587a000 	/usr/lib/system/libcorecrypto.dylib
0x000000000587a000 	/usr/lib/system/libdispatch.dylib
0x000000000587a000 	/usr/lib/system/libdyld.dylib
0x000000000587a000 	/usr/lib/system/libkeymgr.dylib
0x000000000587a000 	/usr/lib/system/liblaunch.dylib
0x000000000587a000 	/usr/lib/system/libmacho.dylib
0x000000000587a000 	/usr/lib/system/libquarantine.dylib
0x000000000587a000 	/usr/lib/system/libremovefile.dylib
0x000000000587a000 	/usr/lib/system/libsystem_asl.dylib
0x000000000587a000 	/usr/lib/system/libsystem_blocks.dylib
0x000000000587a000 	/usr/lib/system/libsystem_c.dylib
0x000000000587a000 	/usr/lib/system/libsystem_configuration.dylib
0x000000000587a000 	/usr/lib/system/libsystem_coreservices.dylib
0x000000000587a000 	/usr/lib/system/libsystem_coretls.dylib
0x000000000587a000 	/usr/lib/system/libsystem_dnssd.dylib
0x000000000587a000 	/usr/lib/system/libsystem_info.dylib
0x000000000587a000 	/usr/lib/system/libsystem_kernel.dylib
0x000000000587a000 	/usr/lib/system/libsystem_m.dylib
0x000000000587a000 	/usr/lib/system/libsystem_malloc.dylib
0x000000000587a000 	/usr/lib/system/libsystem_network.dylib
0x000000000587a000 	/usr/lib/system/libsystem_networkextension.dylib
0x000000000587a000 	/usr/lib/system/libsystem_notify.dylib
0x000000000587a000 	/usr/lib/system/libsystem_platform.dylib
0x000000000587a000 	/usr/lib/system/libsystem_pthread.dylib
0x000000000587a000 	/usr/lib/system/libsystem_sandbox.dylib
0x000000000587a000 	/usr/lib/system/libsystem_secinit.dylib
0x000000000587a000 	/usr/lib/system/libsystem_trace.dylib
0x000000000587a000 	/usr/lib/system/libunc.dylib
0x000000000587a000 	/usr/lib/system/libunwind.dylib
0x000000000587a000 	/usr/lib/system/libxpc.dylib
0x000000000587a000 	/usr/lib/libenergytrace.dylib
0x000000000587a000 	/usr/lib/libbsm.0.dylib
0x000000000587a000 	/usr/lib/system/libkxld.dylib
0x000000000587a000 	/usr/lib/libxar.1.dylib
0x000000000587a000 	/usr/lib/libsqlite3.dylib
0x000000000587a000 	/usr/lib/libpam.2.dylib
0x000000000587a000 	/usr/lib/libOpenScriptingUtil.dylib
0x000000000587a000 	/usr/lib/libbz2.1.0.dylib
0x000000000587a000 	/usr/lib/liblzma.5.dylib
0x000000000587a000 	/System/Library/Frameworks/CoreServices.framework/Versions/A/Frameworks/FSEvents.framework/Versions/A/FSEvents
0x000000000587a000 	/System/Library/Frameworks/CoreServices.framework/Versions/A/Frameworks/CarbonCore.framework/Versions/A/CarbonCore
0x000000000587a000 	/System/Library/Frameworks/CoreServices.framework/Versions/A/Frameworks/Metadata.framework/Versions/A/Metadata
0x000000000587a000 	/System/Library/Frameworks/CoreServices.framework/Versions/A/Frameworks/OSServices.framework/Versions/A/OSServices
0x000000000587a000 	/System/Library/Frameworks/CoreServices.framework/Versions/A/Frameworks/SearchKit.framework/Versions/A/SearchKit
0x000000000587a000 	/System/Library/Frameworks/CoreServices.framework/Versions/A/Frameworks/AE.framework/Versions/A/AE
0x000000000587a000 	/System/Library/Frameworks/CoreServices.framework/Versions/A/Frameworks/LaunchServices.framework/Versions/A/LaunchServices
0x000000000587a000 	/System/Library/Frameworks/CoreServices.framework/Versions/A/Frameworks/DictionaryServices.framework/Versions/A/DictionaryServices
0x000000000587a000 	/System/Library/Frameworks/CoreServices.framework/Versions/A/Frameworks/SharedFileList.framework/Versions/A/SharedFileList
0x000000000587a000 	/System/Library/Frameworks/NetFS.framework/Versions/A/NetFS
0x000000000587a000 	/System/Library/PrivateFrameworks/NetAuth.framework/Versions/A/NetAuth
0x000000000587a000 	/System/Library/PrivateFrameworks/login.framework/Versions/A/Frameworks/loginsupport.framework/Versions/A/loginsupport
0x000000000587a000 	/System/Library/PrivateFrameworks/TCC.framework/Versions/A/TCC
0x000000000587a000 	/usr/lib/libmecabra.dylib
0x000000000587a000 	/System/Library/Frameworks/ApplicationServices.framework/Versions/A/Frameworks/ATS.framework/Versions/A/ATS
0x000000000587a000 	/System/Library/Frameworks/ApplicationServices.framework/Versions/A/Frameworks/ColorSync.framework/Versions/A/ColorSync
0x000000000587a000 	/System/Library/Frameworks/ApplicationServices.framework/Versions/A/Frameworks/HIServices.framework/Versions/A/HIServices
0x000000000587a000 	/System/Library/Frameworks/ApplicationServices.framework/Versions/A/Frameworks/LangAnalysis.framework/Versions/A/LangAnalysis
0x000000000587a000 	/System/Library/Frameworks/ApplicationServices.framework/Versions/A/Frameworks/PrintCore.framework/Versions/A/PrintCore
0x000000000587a000 	/System/Library/Frameworks/ApplicationServices.framework/Versions/A/Frameworks/QD.framework/Versions/A/QD
0x000000000587a000 	/System/Library/Frameworks/ApplicationServices.framework/Versions/A/Frameworks/SpeechSynthesis.framework/Versions/A/SpeechSynthesis
0x000000000587a000 	/System/Library/Frameworks/Metal.framework/Versions/A/Metal
0x000000000587a000 	/System/Library/Frameworks/Accelerate.framework/Versions/A/Frameworks/vImage.framework/Versions/A/vImage
0x000000000587a000 	/System/Library/Frameworks/Accelerate.framework/Versions/A/Frameworks/vecLib.framework/Versions/A/vecLib
0x000000000587a000 	/System/Library/Frameworks/Accelerate.framework/Versions/A/Frameworks/vecLib.framework/Versions/A/libvDSP.dylib
0x000000000587a000 	/System/Library/Frameworks/Accelerate.framework/Versions/A/Frameworks/vecLib.framework/Versions/A/libvMisc.dylib
0x000000000587a000 	/System/Library/Frameworks/Accelerate.framework/Versions/A/Frameworks/vecLib.framework/Versions/A/libLAPACK.dylib
0x000000000587a000 	/System/Library/Frameworks/Accelerate.framework/Versions/A/Frameworks/vecLib.framework/Versions/A/libBLAS.dylib
0x000000000587a000 	/System/Library/Frameworks/Accelerate.framework/Versions/A/Frameworks/vecLib.framework/Versions/A/libLinearAlgebra.dylib
0x000000000587a000 	/System/Library/Frameworks/Accelerate.framework/Versions/A/Frameworks/vecLib.framework/Versions/A/libSparseBLAS.dylib
0x000000000587a000 	/System/Library/PrivateFrameworks/GPUCompiler.framework/libmetal_timestamp.dylib
0x000000000587a000 	/System/Library/Frameworks/OpenGL.framework/Versions/A/Libraries/libCoreFSCache.dylib
0x000000000587a000 	/System/Library/PrivateFrameworks/IOAccelerator.framework/Versions/A/IOAccelerator
0x000000000587a000 	/System/Library/Frameworks/ApplicationServices.framework/Versions/A/Frameworks/ATS.framework/Versions/A/Resources/libFontParser.dylib
0x000000000587a000 	/System/Library/Frameworks/ApplicationServices.framework/Versions/A/Frameworks/ATS.framework/Versions/A/Resources/libFontRegistry.dylib
0x000000000587a000 	/System/Library/PrivateFrameworks/AppleVPA.framework/Versions/A/AppleVPA
0x000000000587a000 	/System/Library/PrivateFrameworks/AppleJPEG.framework/Versions/A/AppleJPEG
0x000000000587a000 	/System/Library/Frameworks/ImageIO.framework/Versions/A/Resources/libJPEG.dylib
0x000000000587a000 	/System/Library/Frameworks/ImageIO.framework/Versions/A/Resources/libTIFF.dylib
0x000000000587a000 	/System/Library/Frameworks/ImageIO.framework/Versions/A/Resources/libPng.dylib
0x000000000587a000 	/System/Library/Frameworks/ImageIO.framework/Versions/A/Resources/libGIF.dylib
0x000000000587a000 	/System/Library/Frameworks/ImageIO.framework/Versions/A/Resources/libJP2.dylib
0x000000000587a000 	/System/Library/Frameworks/ImageIO.framework/Versions/A/Resources/libRadiance.dylib
0x000000000587a000 	/System/Library/Frameworks/CoreVideo.framework/Versions/A/CoreVideo
0x000000000587a000 	/System/Library/Frameworks/OpenGL.framework/Versions/A/Libraries/libGLU.dylib
0x000000000587a000 	/System/Library/Frameworks/OpenGL.framework/Versions/A/Libraries/libGFXShared.dylib
0x000000000587a000 	/System/Library/Frameworks/OpenGL.framework/Versions/A/Libraries/libGL.dylib
0x000000000587a000 	/System/Library/Frameworks/OpenGL.framework/Versions/A/Libraries/libGLImage.dylib
0x000000000587a000 	/System/Library/Frameworks/OpenGL.framework/Versions/A/Libraries/libCVMSPluginSupport.dylib
0x000000000587a000 	/System/Library/Frameworks/OpenGL.framework/Versions/A/Libraries/libCoreVMClient.dylib
0x000000000587a000 	/usr/lib/libcups.2.dylib
0x000000000587a000 	/System/Library/Frameworks/Kerberos.framework/Versions/A/Kerberos
0x000000000587a000 	/System/Library/Frameworks/GSS.framework/Versions/A/GSS
0x000000000587a000 	/usr/lib/libresolv.9.dylib
0x000000000587a000 	/usr/lib/libiconv.2.dylib
0x000000000587a000 	/System/Library/PrivateFrameworks/Heimdal.framework/Versions/A/Heimdal
0x000000000587a000 	/usr/lib/libheimdal-asn1.dylib
0x000000000587a000 	/System/Library/Frameworks/OpenDirectory.framework/Versions/A/OpenDirectory
0x000000000587a000 	/System/Library/PrivateFrameworks/CommonAuth.framework/Versions/A/CommonAuth
0x000000000587a000 	/System/Library/Frameworks/OpenDirectory.framework/Versions/A/Frameworks/CFOpenDirectory.framework/Versions/A/CFOpenDirectory
0x000000000587a000 	/System/Library/Frameworks/SecurityFoundation.framework/Versions/A/SecurityFoundation
0x000000000587a000 	/System/Library/PrivateFrameworks/LanguageModeling.framework/Versions/A/LanguageModeling
0x000000000587a000 	/usr/lib/libmarisa.dylib
0x000000000587a000 	/usr/lib/libChineseTokenizer.dylib
0x000000000587a000 	/usr/lib/libcmph.dylib
0x000000000587a000 	/usr/lib/libcompression.dylib
0x000000000587a000 	/System/Library/Frameworks/ServiceManagement.framework/Versions/A/ServiceManagement
0x000000000587a000 	/usr/lib/libxslt.1.dylib
0x000000000587a000 	/System/Library/Frameworks/Carbon.framework/Versions/A/Frameworks/Ink.framework/Versions/A/Ink
0x000000000587a000 	/usr/lib/libFosl_dynamic.dylib
0x000000000587a000 	/System/Library/PrivateFrameworks/FaceCore.framework/Versions/A/FaceCore
0x000000000587a000 	/System/Library/Frameworks/OpenCL.framework/Versions/A/OpenCL
0x000000000587a000 	/System/Library/PrivateFrameworks/CrashReporterSupport.framework/Versions/A/CrashReporterSupport
0x000000000587a000 	/System/Library/PrivateFrameworks/IconServices.framework/Versions/A/IconServices
0x000000000587a000 	/System/Library/PrivateFrameworks/Apple80211.framework/Versions/A/Apple80211
0x000000000587a000 	/System/Library/Frameworks/CoreWLAN.framework/Versions/A/CoreWLAN
0x000000000587a000 	/System/Library/Frameworks/IOBluetooth.framework/Versions/A/IOBluetooth
0x000000000587a000 	/System/Library/PrivateFrameworks/CoreWiFi.framework/Versions/A/CoreWiFi
0x000000000587a000 	/System/Library/Frameworks/CoreBluetooth.framework/Versions/A/CoreBluetooth
0x000000000587a000 	/System/Library/PrivateFrameworks/ChunkingLibrary.framework/Versions/A/ChunkingLibrary
0x000000000587a000 	/System/Library/PrivateFrameworks/DebugSymbols.framework/Versions/A/DebugSymbols
0x000000000587a000 	/System/Library/PrivateFrameworks/CoreSymbolication.framework/Versions/A/CoreSymbolication
0x000000000587a000 	/System/Library/PrivateFrameworks/Symbolication.framework/Versions/A/Symbolication
0x000000000587a000 	/System/Library/PrivateFrameworks/SpeechRecognitionCore.framework/Versions/A/SpeechRecognitionCore
0x0000000101e11000 	/Library/Java/JavaVirtualMachines/jdk1.8.0_51.jdk/Contents/Home/jre/lib/server/libjvm.dylib
0x0000000102d7a000 	/usr/lib/libstdc++.6.dylib
0x0000000102e35000 	/Library/Java/JavaVirtualMachines/jdk1.8.0_51.jdk/Contents/Home/jre/lib/libverify.dylib
0x0000000102e43000 	/Library/Java/JavaVirtualMachines/jdk1.8.0_51.jdk/Contents/Home/jre/lib/libjava.dylib
0x0000000102e82000 	/Library/Java/JavaVirtualMachines/jdk1.8.0_51.jdk/Contents/Home/jre/lib/libzip.dylib
0x000000011ef4d000 	/System/Library/Frameworks/JavaVM.framework/Frameworks/JavaRuntimeSupport.framework/JavaRuntimeSupport
0x000000011ef68000 	/System/Library/Frameworks/JavaVM.framework/Versions/A/Frameworks/JavaNativeFoundation.framework/Versions/A/JavaNativeFoundation
0x000000011ef7d000 	/System/Library/Frameworks/JavaVM.framework/Versions/A/JavaVM
0x000000000587a000 	/System/Library/Frameworks/Carbon.framework/Versions/A/Carbon
0x000000011ef8a000 	/System/Library/PrivateFrameworks/JavaLaunching.framework/Versions/A/JavaLaunching
0x000000000587a000 	/System/Library/Frameworks/Carbon.framework/Versions/A/Frameworks/CommonPanels.framework/Versions/A/CommonPanels
0x000000000587a000 	/System/Library/Frameworks/Carbon.framework/Versions/A/Frameworks/Help.framework/Versions/A/Help
0x000000000587a000 	/System/Library/Frameworks/Carbon.framework/Versions/A/Frameworks/ImageCapture.framework/Versions/A/ImageCapture
0x000000000587a000 	/System/Library/Frameworks/Carbon.framework/Versions/A/Frameworks/OpenScripting.framework/Versions/A/OpenScripting
0x000000000587a000 	/System/Library/Frameworks/Carbon.framework/Versions/A/Frameworks/Print.framework/Versions/A/Print
0x000000000587a000 	/System/Library/Frameworks/Carbon.framework/Versions/A/Frameworks/SecurityHI.framework/Versions/A/SecurityHI
0x00000001208dc000 	/Library/Java/JavaVirtualMachines/jdk1.8.0_51.jdk/Contents/Home/jre/lib/libawt.dylib
0x0000000120984000 	/Library/Java/JavaVirtualMachines/jdk1.8.0_51.jdk/Contents/Home/jre/lib/./libmlib_image.dylib
0x0000000120a50000 	/Library/Java/JavaVirtualMachines/jdk1.8.0_51.jdk/Contents/Home/jre/lib/libawt_lwawt.dylib
0x0000000120b04000 	/Library/Java/JavaVirtualMachines/jdk1.8.0_51.jdk/Contents/Home/jre/lib/./libosxapp.dylib
0x000000000587a000 	/System/Library/Frameworks/ExceptionHandling.framework/Versions/A/ExceptionHandling
0x000000000587a000 	/System/Library/PrivateFrameworks/CoreServicesInternal.framework/Versions/A/CoreServicesInternal
0x000000000587a000 	/System/Library/Frameworks/CoreGraphics.framework/Versions/A/Resources/libRIP.A.dylib
0x00000001216f8000 	/System/Library/Frameworks/Accelerate.framework/Frameworks/vImage.framework/Versions/A/Libraries/libCGInterfaces.dylib
0x000000000587a000 	/System/Library/Frameworks/CoreGraphics.framework/Versions/A/Resources/libCGXType.A.dylib
0x000000000587a000 	/System/Library/Frameworks/OpenCL.framework/Versions/A/Libraries/libcldcpuengine.dylib
0x000000000587a000 	/System/Library/PrivateFrameworks/DiskImages.framework/Versions/A/DiskImages
0x000000000587a000 	/System/Library/Frameworks/DiscRecording.framework/Versions/A/DiscRecording
0x000000000587a000 	/usr/lib/libcsfde.dylib
0x000000000587a000 	/usr/lib/libcurl.4.dylib
0x000000000587a000 	/System/Library/PrivateFrameworks/MediaKit.framework/Versions/A/MediaKit
0x000000000587a000 	/System/Library/PrivateFrameworks/ProtectedCloudStorage.framework/Versions/A/ProtectedCloudStorage
0x000000000587a000 	/usr/lib/libCoreStorage.dylib
0x000000000587a000 	/System/Library/PrivateFrameworks/EFILogin.framework/Versions/A/EFILogin
0x000000000587a000 	/usr/lib/libutil.dylib
0x000000000587a000 	/System/Library/PrivateFrameworks/FindMyDevice.framework/Versions/A/FindMyDevice
0x000000000587a000 	/System/Library/Frameworks/LDAP.framework/Versions/A/LDAP
0x000000000587a000 	/usr/lib/libsasl2.2.dylib
0x000000000587a000 	/System/Library/PrivateFrameworks/CoreDaemon.framework/Versions/B/CoreDaemon
0x000000000587a000 	/usr/lib/libcrypto.0.9.8.dylib
0x000000000587a000 	/System/Library/PrivateFrameworks/AppleSRP.framework/Versions/A/AppleSRP
0x000000000587a000 	/System/Library/PrivateFrameworks/TrustEvaluationAgent.framework/Versions/A/TrustEvaluationAgent
0x0000000122205000 	cl_kernels
0x000000000587a000 	/System/Library/Frameworks/OpenCL.framework/Versions/A/Libraries/ImageFormats/unorm8_bgra.dylib
0x000000000587a000 	/System/Library/Frameworks/OpenCL.framework/Versions/A/Libraries/ImageFormats/unorm8_rgba.dylib
0x000000000587a000 	/System/Library/PrivateFrameworks/FamilyControls.framework/Versions/A/FamilyControls
0x000000000587a000 	/System/Library/PrivateFrameworks/CommerceKit.framework/Versions/A/Frameworks/CommerceCore.framework/Versions/A/CommerceCore
0x000000000587a000 	/System/Library/PrivateFrameworks/SystemAdministration.framework/Versions/A/SystemAdministration
0x000000000587a000 	/System/Library/PrivateFrameworks/AppContainer.framework/Versions/A/AppContainer
0x000000000587a000 	/System/Library/PrivateFrameworks/SecCodeWrapper.framework/Versions/A/SecCodeWrapper
0x000000000587a000 	/System/Library/Frameworks/DirectoryService.framework/Versions/A/DirectoryService
0x000000000587a000 	/System/Library/PrivateFrameworks/LoginUIKit.framework/Versions/A/Frameworks/LoginUICore.framework/Versions/A/LoginUICore
0x000000000587a000 	/usr/lib/libodfde.dylib
0x00000001232cc000 	/System/Library/Frameworks/OpenGL.framework/Resources/GLEngine.bundle/GLEngine
0x000000000587a000 	/System/Library/Frameworks/OpenGL.framework/Versions/A/Libraries/libGLProgrammability.dylib
0x00000001234b4000 	/System/Library/Extensions/AppleIntelHD3000GraphicsGLDriver.bundle/Contents/MacOS/AppleIntelHD3000GraphicsGLDriver
0x000000000587a000 	/System/Library/PrivateFrameworks/GPUSupport.framework/Versions/A/Libraries/libGPUSupport.dylib
0x0000000123953000 	/System/Library/Extensions/AMDRadeonX3000GLDriver.bundle/Contents/MacOS/AMDRadeonX3000GLDriver
0x000000000587a000 	/System/Library/PrivateFrameworks/GPUSupport.framework/Versions/A/Libraries/libGPUSupportMercury.dylib
0x0000000123a32000 	/System/Library/Extensions/AMDRadeonX3000GLDriver.bundle/Contents/MacOS/ATIRadeonX3000SCLib.dylib
0x0000000123cac000 	/System/Library/Frameworks/OpenGL.framework/Resources//GLRendererFloat.bundle/GLRendererFloat
0x0000000123d87000 	/Library/Java/JavaVirtualMachines/jdk1.8.0_51.jdk/Contents/Home/jre/lib/libfontmanager.dylib
0x0000000123dee000 	/Library/Java/JavaVirtualMachines/jdk1.8.0_51.jdk/Contents/Home/jre/lib/libosxui.dylib
0x0000000126423000 	/Library/Java/JavaVirtualMachines/jdk1.8.0_51.jdk/Contents/Home/jre/lib/libnet.dylib
0x000000012643a000 	/Library/Java/JavaVirtualMachines/jdk1.8.0_51.jdk/Contents/Home/jre/lib/libnio.dylib
0x00000001282f5000 	/Library/Java/JavaVirtualMachines/jdk1.8.0_51.jdk/Contents/Home/jre/lib/libdcpr.dylib
0x00000001220ac000 	/Library/Java/JavaVirtualMachines/jdk1.8.0_51.jdk/Contents/Home/jre/lib/libsunec.dylib

VM Arguments:
jvm_args: -Dfile.encoding=UTF-8 
java_command: jtwitchbot.JTwitchBotMain
java_class_path (initial): /Users/sebastianszemer/NetBeansProjects/jTwitchBot/src/jtwitchbot/pircbot.jar:/Users/sebastianszemer/NetBeansProjects/jTwitchBot/src/jtwitchbot/twitter4j-core-4.0.4.jar:/Users/sebastianszemer/NetBeansProjects/jTwitchBot/src/jtwitchbot/derby.jar:/Users/sebastianszemer/NetBeansProjects/jTwitchBot/src/jtwitchbot/derbyclient.jar:/Users/sebastianszemer/NetBeansProjects/jTwitchBot/src/jtwitchbot/last.fm-bindings.jar:/Users/sebastianszemer/NetBeansProjects/jTwitchBot/src/jtwitchbot/last.fm-apis.jar:/Users/sebastianszemer/NetBeansProjects/jTwitchBot/build/classes
Launcher Type: SUN_STANDARD

Environment Variables:
PATH=/usr/bin:/bin:/usr/sbin:/sbin
LD_LIBRARY_PATH=/Library/Java/JavaVirtualMachines/jdk1.8.0_51.jdk/Contents/Home/jre/lib/amd64:/Library/Java/JavaVirtualMachines/jdk1.8.0_51.jdk/Contents/Home/jre/lib/i386:
SHELL=/bin/bash

Signal Handlers:
SIGSEGV: [libjvm.dylib+0x58ef35], sa_mask[0]=11111111011111110111111111111111, sa_flags=SA_ONSTACK|SA_RESTART|SA_SIGINFO
SIGBUS: [libjvm.dylib+0x58ef35], sa_mask[0]=11111111011111110111111111111111, sa_flags=SA_RESTART|SA_SIGINFO
SIGFPE: [libjvm.dylib+0x46c028], sa_mask[0]=11111111011111110111111111111111, sa_flags=SA_RESTART|SA_SIGINFO
SIGPIPE: [libjvm.dylib+0x46c028], sa_mask[0]=11111111011111110111111111111111, sa_flags=SA_RESTART|SA_SIGINFO
SIGXFSZ: [libjvm.dylib+0x46c028], sa_mask[0]=11111111011111110111111111111111, sa_flags=SA_RESTART|SA_SIGINFO
SIGILL: [libjvm.dylib+0x46c028], sa_mask[0]=11111111011111110111111111111111, sa_flags=SA_RESTART|SA_SIGINFO
SIGUSR1: SIG_DFL, sa_mask[0]=00000000000000000000000000000000, sa_flags=none
SIGUSR2: [libjvm.dylib+0x46bb46], sa_mask[0]=00100000000000000000000000000000, sa_flags=SA_RESTART|SA_SIGINFO
SIGHUP: [libjvm.dylib+0x46a119], sa_mask[0]=11111111011111110111111111111111, sa_flags=SA_RESTART|SA_SIGINFO
SIGINT: SIG_IGN, sa_mask[0]=00000000000000000000000000000000, sa_flags=none
SIGTERM: [libjvm.dylib+0x46a119], sa_mask[0]=11111111011111110111111111111111, sa_flags=SA_RESTART|SA_SIGINFO
SIGQUIT: [libjvm.dylib+0x46a119], sa_mask[0]=11111111011111110111111111111111, sa_flags=SA_RESTART|SA_SIGINFO


---------------  S Y S T E M  ---------------

OS:Bsduname:Darwin 15.0.0 Darwin Kernel Version 15.0.0: Sat Sep 19 15:53:46 PDT 2015; root:xnu-3247.10.11~1/RELEASE_X86_64 x86_64
rlimit: STACK 8192k, CORE 0k, NPROC 709, NOFILE 10240, AS infinity
load average:2.22 2.64 2.84

CPU:total 8 (4 cores per cpu, 2 threads per core) family 6 model 42 stepping 7, cmov, cx8, fxsr, mmx, sse, sse2, sse3, ssse3, sse4.1, sse4.2, popcnt, avx, aes, clmul, ht, tsc, tscinvbit

Memory: 4k page, physical 16777216k(949896k free)

/proc/meminfo:


vm_info: Java HotSpot(TM) 64-Bit Server VM (25.51-b03) for bsd-amd64 JRE (1.8.0_51-b16), built on Jun  8 2015 18:01:11 by "java_re" with gcc 4.2.1 (Based on Apple Inc. build 5658) (LLVM build 2336.11.00)

time: Mon Nov 16 22:36:57 2015
elapsed time: 101881 seconds (1d 4h 18m 1s)

